{"C:\\develop\\golf_scoring\\src\\modules\\golf\\golf.constants.ts": {"path":"C:\\develop\\golf_scoring\\src\\modules\\golf\\golf.constants.ts","statementMap":{"0":{"start":{"line":1,"column":13},"end":{"line":7,"column":11}},"1":{"start":{"line":9,"column":13},"end":{"line":15,"column":11}},"2":{"start":{"line":17,"column":13},"end":{"line":22,"column":11}},"3":{"start":{"line":24,"column":13},"end":{"line":30,"column":11}}},"fnMap":{},"branchMap":{},"s":{"0":0,"1":0,"2":0,"3":0},"f":{},"b":{}}
,"C:\\develop\\golf_scoring\\src\\modules\\golf\\golf.data.ts": {"path":"C:\\develop\\golf_scoring\\src\\modules\\golf\\golf.data.ts","statementMap":{"0":{"start":{"line":13,"column":13},"end":{"line":25,"column":2}}},"fnMap":{},"branchMap":{},"s":{"0":0},"f":{},"b":{}}
,"C:\\develop\\golf_scoring\\src\\modules\\golf\\golf.repository.ts": {"path":"C:\\develop\\golf_scoring\\src\\modules\\golf\\golf.repository.ts","statementMap":{"0":{"start":{"line":1,"column":0},"end":{"line":1,"column":69}},"1":{"start":{"line":2,"column":0},"end":{"line":2,"column":53}},"2":{"start":{"line":3,"column":0},"end":{"line":3,"column":56}},"3":{"start":{"line":4,"column":0},"end":{"line":4,"column":45}},"4":{"start":{"line":6,"column":0},"end":{"line":6,"column":51}},"5":{"start":{"line":8,"column":25},"end":{"line":8,"column":44}},"6":{"start":{"line":9,"column":25},"end":{"line":9,"column":44}},"7":{"start":{"line":10,"column":20},"end":{"line":10,"column":35}},"8":{"start":{"line":11,"column":18},"end":{"line":11,"column":46}},"9":{"start":{"line":70,"column":55},"end":{"line":70,"column":59}},"10":{"start":{"line":73,"column":4},"end":{"line":73,"column":52}},"11":{"start":{"line":73,"column":27},"end":{"line":73,"column":52}},"12":{"start":{"line":75,"column":4},"end":{"line":80,"column":7}},"13":{"start":{"line":76,"column":8},"end":{"line":78,"column":9}},"14":{"start":{"line":77,"column":12},"end":{"line":77,"column":24}},"15":{"start":{"line":79,"column":8},"end":{"line":79,"column":56}},"16":{"start":{"line":82,"column":4},"end":{"line":82,"column":29}},"17":{"start":{"line":85,"column":0},"end":{"line":87,"column":3}},"18":{"start":{"line":86,"column":4},"end":{"line":86,"column":29}},"19":{"start":{"line":89,"column":13},"end":{"line":404,"column":2}},"20":{"start":{"line":91,"column":8},"end":{"line":102,"column":11}},"21":{"start":{"line":92,"column":12},"end":{"line":101,"column":13}},"22":{"start":{"line":93,"column":28},"end":{"line":93,"column":49}},"23":{"start":{"line":94,"column":16},"end":{"line":94,"column":36}},"24":{"start":{"line":94,"column":26},"end":{"line":94,"column":36}},"25":{"start":{"line":95,"column":34},"end":{"line":95,"column":65}},"26":{"start":{"line":96,"column":36},"end":{"line":96,"column":99}},"27":{"start":{"line":97,"column":16},"end":{"line":97,"column":35}},"28":{"start":{"line":99,"column":16},"end":{"line":99,"column":77}},"29":{"start":{"line":100,"column":16},"end":{"line":100,"column":26}},"30":{"start":{"line":106,"column":8},"end":{"line":170,"column":11}},"31":{"start":{"line":107,"column":12},"end":{"line":169,"column":13}},"32":{"start":{"line":108,"column":32},"end":{"line":108,"column":98}},"33":{"start":{"line":109,"column":16},"end":{"line":109,"column":66}},"34":{"start":{"line":109,"column":30},"end":{"line":109,"column":66}},"35":{"start":{"line":111,"column":65},"end":{"line":115,"column":56}},"36":{"start":{"line":117,"column":16},"end":{"line":117,"column":51}},"37":{"start":{"line":117,"column":33},"end":{"line":117,"column":51}},"38":{"start":{"line":118,"column":16},"end":{"line":118,"column":113}},"39":{"start":{"line":118,"column":78},"end":{"line":118,"column":113}},"40":{"start":{"line":120,"column":36},"end":{"line":120,"column":62}},"41":{"start":{"line":121,"column":33},"end":{"line":121,"column":59}},"42":{"start":{"line":121,"column":54},"end":{"line":121,"column":58}},"43":{"start":{"line":123,"column":63},"end":{"line":126,"column":45}},"44":{"start":{"line":128,"column":16},"end":{"line":128,"column":49}},"45":{"start":{"line":128,"column":32},"end":{"line":128,"column":49}},"46":{"start":{"line":130,"column":36},"end":{"line":130,"column":78}},"47":{"start":{"line":132,"column":50},"end":{"line":156,"column":19}},"48":{"start":{"line":132,"column":72},"end":{"line":156,"column":18}},"49":{"start":{"line":143,"column":37},"end":{"line":143,"column":56}},"50":{"start":{"line":144,"column":35},"end":{"line":154,"column":26}},"51":{"start":{"line":155,"column":40},"end":{"line":155,"column":59}},"52":{"start":{"line":158,"column":28},"end":{"line":158,"column":49}},"53":{"start":{"line":159,"column":16},"end":{"line":159,"column":62}},"54":{"start":{"line":159,"column":26},"end":{"line":159,"column":62}},"55":{"start":{"line":160,"column":34},"end":{"line":160,"column":65}},"56":{"start":{"line":161,"column":36},"end":{"line":161,"column":91}},"57":{"start":{"line":163,"column":37},"end":{"line":163,"column":95}},"58":{"start":{"line":164,"column":16},"end":{"line":164,"column":78}},"59":{"start":{"line":165,"column":16},"end":{"line":165,"column":69}},"60":{"start":{"line":167,"column":16},"end":{"line":167,"column":84}},"61":{"start":{"line":168,"column":16},"end":{"line":168,"column":62}},"62":{"start":{"line":174,"column":8},"end":{"line":186,"column":11}},"63":{"start":{"line":175,"column":12},"end":{"line":185,"column":13}},"64":{"start":{"line":176,"column":36},"end":{"line":176,"column":74}},"65":{"start":{"line":177,"column":28},"end":{"line":177,"column":49}},"66":{"start":{"line":178,"column":16},"end":{"line":178,"column":69}},"67":{"start":{"line":178,"column":26},"end":{"line":178,"column":69}},"68":{"start":{"line":179,"column":34},"end":{"line":179,"column":65}},"69":{"start":{"line":180,"column":39},"end":{"line":180,"column":102}},"70":{"start":{"line":181,"column":38},"end":{"line":181,"column":104}},"71":{"start":{"line":181,"column":82},"end":{"line":181,"column":102}},"72":{"start":{"line":182,"column":16},"end":{"line":182,"column":79}},"73":{"start":{"line":184,"column":16},"end":{"line":184,"column":56}},"74":{"start":{"line":191,"column":8},"end":{"line":193,"column":9}},"75":{"start":{"line":192,"column":12},"end":{"line":192,"column":53}},"76":{"start":{"line":194,"column":21},"end":{"line":194,"column":45}},"77":{"start":{"line":196,"column":8},"end":{"line":269,"column":11}},"78":{"start":{"line":197,"column":32},"end":{"line":238,"column":13}},"79":{"start":{"line":198,"column":46},"end":{"line":198,"column":78}},"80":{"start":{"line":199,"column":16},"end":{"line":199,"column":67}},"81":{"start":{"line":199,"column":30},"end":{"line":199,"column":67}},"82":{"start":{"line":201,"column":46},"end":{"line":214,"column":22}},"83":{"start":{"line":216,"column":16},"end":{"line":216,"column":49}},"84":{"start":{"line":216,"column":32},"end":{"line":216,"column":49}},"85":{"start":{"line":218,"column":16},"end":{"line":237,"column":17}},"86":{"start":{"line":219,"column":40},"end":{"line":230,"column":23}},"87":{"start":{"line":219,"column":62},"end":{"line":230,"column":22}},"88":{"start":{"line":232,"column":49},"end":{"line":234,"column":80}},"89":{"start":{"line":236,"column":20},"end":{"line":236,"column":51}},"90":{"start":{"line":236,"column":35},"end":{"line":236,"column":51}},"91":{"start":{"line":240,"column":33},"end":{"line":240,"column":34}},"92":{"start":{"line":241,"column":26},"end":{"line":241,"column":81}},"93":{"start":{"line":241,"column":42},"end":{"line":241,"column":81}},"94":{"start":{"line":241,"column":61},"end":{"line":241,"column":80}},"95":{"start":{"line":243,"column":12},"end":{"line":267,"column":13}},"96":{"start":{"line":244,"column":16},"end":{"line":266,"column":17}},"97":{"start":{"line":245,"column":20},"end":{"line":245,"column":40}},"98":{"start":{"line":246,"column":20},"end":{"line":246,"column":105}},"99":{"start":{"line":247,"column":20},"end":{"line":247,"column":62}},"100":{"start":{"line":248,"column":20},"end":{"line":248,"column":45}},"101":{"start":{"line":250,"column":20},"end":{"line":250,"column":37}},"102":{"start":{"line":251,"column":36},"end":{"line":251,"column":78}},"103":{"start":{"line":253,"column":38},"end":{"line":253,"column":128}},"104":{"start":{"line":254,"column":43},"end":{"line":254,"column":103}},"105":{"start":{"line":256,"column":20},"end":{"line":261,"column":21}},"106":{"start":{"line":257,"column":40},"end":{"line":257,"column":74}},"107":{"start":{"line":258,"column":24},"end":{"line":258,"column":105}},"108":{"start":{"line":259,"column":24},"end":{"line":259,"column":45}},"109":{"start":{"line":260,"column":24},"end":{"line":260,"column":33}},"110":{"start":{"line":263,"column":20},"end":{"line":263,"column":108}},"111":{"start":{"line":264,"column":20},"end":{"line":264,"column":57}},"112":{"start":{"line":265,"column":20},"end":{"line":265,"column":56}},"113":{"start":{"line":268,"column":12},"end":{"line":268,"column":68}},"114":{"start":{"line":273,"column":8},"end":{"line":282,"column":9}},"115":{"start":{"line":274,"column":29},"end":{"line":274,"column":73}},"116":{"start":{"line":275,"column":26},"end":{"line":275,"column":76}},"117":{"start":{"line":276,"column":12},"end":{"line":279,"column":13}},"118":{"start":{"line":277,"column":16},"end":{"line":277,"column":36}},"119":{"start":{"line":278,"column":16},"end":{"line":278,"column":84}},"120":{"start":{"line":281,"column":12},"end":{"line":281,"column":59}},"121":{"start":{"line":286,"column":8},"end":{"line":294,"column":9}},"122":{"start":{"line":287,"column":29},"end":{"line":287,"column":73}},"123":{"start":{"line":288,"column":12},"end":{"line":288,"column":34}},"124":{"start":{"line":288,"column":27},"end":{"line":288,"column":34}},"125":{"start":{"line":289,"column":26},"end":{"line":289,"column":58}},"126":{"start":{"line":290,"column":29},"end":{"line":290,"column":63}},"127":{"start":{"line":290,"column":48},"end":{"line":290,"column":62}},"128":{"start":{"line":291,"column":12},"end":{"line":291,"column":83}},"129":{"start":{"line":293,"column":12},"end":{"line":293,"column":64}},"130":{"start":{"line":298,"column":8},"end":{"line":322,"column":9}},"131":{"start":{"line":299,"column":29},"end":{"line":299,"column":73}},"132":{"start":{"line":300,"column":12},"end":{"line":300,"column":63}},"133":{"start":{"line":300,"column":27},"end":{"line":300,"column":63}},"134":{"start":{"line":302,"column":26},"end":{"line":302,"column":58}},"135":{"start":{"line":303,"column":12},"end":{"line":303,"column":72}},"136":{"start":{"line":303,"column":36},"end":{"line":303,"column":72}},"137":{"start":{"line":305,"column":27},"end":{"line":305,"column":52}},"138":{"start":{"line":306,"column":31},"end":{"line":306,"column":32}},"139":{"start":{"line":308,"column":12},"end":{"line":317,"column":13}},"140":{"start":{"line":309,"column":30},"end":{"line":309,"column":64}},"141":{"start":{"line":309,"column":47},"end":{"line":309,"column":63}},"142":{"start":{"line":310,"column":16},"end":{"line":316,"column":17}},"143":{"start":{"line":311,"column":35},"end":{"line":311,"column":72}},"144":{"start":{"line":312,"column":20},"end":{"line":312,"column":55}},"145":{"start":{"line":312,"column":40},"end":{"line":312,"column":55}},"146":{"start":{"line":315,"column":20},"end":{"line":315,"column":61}},"147":{"start":{"line":318,"column":12},"end":{"line":318,"column":70}},"148":{"start":{"line":320,"column":12},"end":{"line":320,"column":58}},"149":{"start":{"line":321,"column":12},"end":{"line":321,"column":48}},"150":{"start":{"line":326,"column":8},"end":{"line":334,"column":9}},"151":{"start":{"line":327,"column":29},"end":{"line":327,"column":73}},"152":{"start":{"line":328,"column":12},"end":{"line":328,"column":36}},"153":{"start":{"line":328,"column":27},"end":{"line":328,"column":36}},"154":{"start":{"line":329,"column":26},"end":{"line":329,"column":58}},"155":{"start":{"line":330,"column":12},"end":{"line":330,"column":32}},"156":{"start":{"line":332,"column":12},"end":{"line":332,"column":62}},"157":{"start":{"line":333,"column":12},"end":{"line":333,"column":21}},"158":{"start":{"line":338,"column":8},"end":{"line":346,"column":9}},"159":{"start":{"line":339,"column":30},"end":{"line":339,"column":51}},"160":{"start":{"line":340,"column":12},"end":{"line":340,"column":40}},"161":{"start":{"line":340,"column":28},"end":{"line":340,"column":40}},"162":{"start":{"line":341,"column":36},"end":{"line":341,"column":61}},"163":{"start":{"line":342,"column":12},"end":{"line":342,"column":63}},"164":{"start":{"line":344,"column":12},"end":{"line":344,"column":62}},"165":{"start":{"line":345,"column":12},"end":{"line":345,"column":24}},"166":{"start":{"line":350,"column":8},"end":{"line":361,"column":9}},"167":{"start":{"line":351,"column":30},"end":{"line":351,"column":51}},"168":{"start":{"line":352,"column":12},"end":{"line":352,"column":35}},"169":{"start":{"line":352,"column":28},"end":{"line":352,"column":35}},"170":{"start":{"line":353,"column":36},"end":{"line":353,"column":61}},"171":{"start":{"line":354,"column":12},"end":{"line":358,"column":13}},"172":{"start":{"line":355,"column":16},"end":{"line":355,"column":63}},"173":{"start":{"line":357,"column":16},"end":{"line":357,"column":69}},"174":{"start":{"line":360,"column":12},"end":{"line":360,"column":62}},"175":{"start":{"line":365,"column":23},"end":{"line":365,"column":48}},"176":{"start":{"line":366,"column":24},"end":{"line":366,"column":95}},"177":{"start":{"line":366,"column":62},"end":{"line":366,"column":93}},"178":{"start":{"line":368,"column":57},"end":{"line":370,"column":81}},"179":{"start":{"line":369,"column":27},"end":{"line":369,"column":83}},"180":{"start":{"line":370,"column":68},"end":{"line":370,"column":80}},"181":{"start":{"line":372,"column":8},"end":{"line":372,"column":88}},"182":{"start":{"line":376,"column":8},"end":{"line":402,"column":11}},"183":{"start":{"line":377,"column":12},"end":{"line":401,"column":13}},"184":{"start":{"line":378,"column":28},"end":{"line":378,"column":49}},"185":{"start":{"line":379,"column":16},"end":{"line":379,"column":69}},"186":{"start":{"line":379,"column":26},"end":{"line":379,"column":69}},"187":{"start":{"line":380,"column":34},"end":{"line":380,"column":65}},"188":{"start":{"line":381,"column":39},"end":{"line":381,"column":102}},"189":{"start":{"line":382,"column":38},"end":{"line":382,"column":82}},"190":{"start":{"line":382,"column":65},"end":{"line":382,"column":81}},"191":{"start":{"line":383,"column":16},"end":{"line":383,"column":79}},"192":{"start":{"line":385,"column":34},"end":{"line":385,"column":64}},"193":{"start":{"line":386,"column":16},"end":{"line":388,"column":17}},"194":{"start":{"line":387,"column":20},"end":{"line":387,"column":55}},"195":{"start":{"line":390,"column":16},"end":{"line":390,"column":57}},"196":{"start":{"line":393,"column":16},"end":{"line":393,"column":42}},"197":{"start":{"line":395,"column":34},"end":{"line":395,"column":90}},"198":{"start":{"line":396,"column":16},"end":{"line":396,"column":39}},"199":{"start":{"line":396,"column":27},"end":{"line":396,"column":39}},"200":{"start":{"line":399,"column":16},"end":{"line":399,"column":58}},"201":{"start":{"line":400,"column":16},"end":{"line":400,"column":24}},"202":{"start":{"line":406,"column":13},"end":{"line":650,"column":2}},"203":{"start":{"line":408,"column":32},"end":{"line":420,"column":47}},"204":{"start":{"line":422,"column":8},"end":{"line":425,"column":9}},"205":{"start":{"line":423,"column":12},"end":{"line":423,"column":78}},"206":{"start":{"line":424,"column":12},"end":{"line":424,"column":22}},"207":{"start":{"line":427,"column":28},"end":{"line":427,"column":62}},"208":{"start":{"line":428,"column":8},"end":{"line":438,"column":12}},"209":{"start":{"line":428,"column":39},"end":{"line":438,"column":10}},"210":{"start":{"line":433,"column":57},"end":{"line":437,"column":14}},"211":{"start":{"line":442,"column":32},"end":{"line":462,"column":21}},"212":{"start":{"line":464,"column":8},"end":{"line":467,"column":9}},"213":{"start":{"line":465,"column":12},"end":{"line":465,"column":78}},"214":{"start":{"line":466,"column":12},"end":{"line":466,"column":24}},"215":{"start":{"line":469,"column":26},"end":{"line":469,"column":53}},"216":{"start":{"line":470,"column":22},"end":{"line":482,"column":15}},"217":{"start":{"line":471,"column":28},"end":{"line":471,"column":57}},"218":{"start":{"line":472,"column":23},"end":{"line":482,"column":14}},"219":{"start":{"line":478,"column":62},"end":{"line":481,"column":18}},"220":{"start":{"line":484,"column":8},"end":{"line":490,"column":10}},"221":{"start":{"line":505,"column":8},"end":{"line":512,"column":9}},"222":{"start":{"line":506,"column":33},"end":{"line":506,"column":81}},"223":{"start":{"line":506,"column":58},"end":{"line":506,"column":80}},"224":{"start":{"line":507,"column":12},"end":{"line":511,"column":13}},"225":{"start":{"line":508,"column":28},"end":{"line":508,"column":174}},"226":{"start":{"line":508,"column":148},"end":{"line":508,"column":160}},"227":{"start":{"line":509,"column":16},"end":{"line":509,"column":34}},"228":{"start":{"line":510,"column":16},"end":{"line":510,"column":54}},"229":{"start":{"line":513,"column":8},"end":{"line":583,"column":13}},"230":{"start":{"line":514,"column":55},"end":{"line":518,"column":25}},"231":{"start":{"line":519,"column":25},"end":{"line":519,"column":58}},"232":{"start":{"line":521,"column":12},"end":{"line":521,"column":83}},"233":{"start":{"line":521,"column":34},"end":{"line":521,"column":83}},"234":{"start":{"line":523,"column":12},"end":{"line":574,"column":13}},"235":{"start":{"line":524,"column":63},"end":{"line":531,"column":29}},"236":{"start":{"line":533,"column":34},"end":{"line":533,"column":69}},"237":{"start":{"line":535,"column":16},"end":{"line":535,"column":98}},"238":{"start":{"line":535,"column":45},"end":{"line":535,"column":98}},"239":{"start":{"line":537,"column":38},"end":{"line":541,"column":19}},"240":{"start":{"line":537,"column":61},"end":{"line":541,"column":18}},"241":{"start":{"line":543,"column":61},"end":{"line":546,"column":46}},"242":{"start":{"line":547,"column":38},"end":{"line":547,"column":95}},"243":{"start":{"line":549,"column":16},"end":{"line":549,"column":105}},"244":{"start":{"line":549,"column":48},"end":{"line":549,"column":105}},"245":{"start":{"line":551,"column":106},"end":{"line":551,"column":108}},"246":{"start":{"line":552,"column":16},"end":{"line":565,"column":17}},"247":{"start":{"line":553,"column":20},"end":{"line":564,"column":21}},"248":{"start":{"line":554,"column":40},"end":{"line":554,"column":144}},"249":{"start":{"line":554,"column":105},"end":{"line":554,"column":139}},"250":{"start":{"line":555,"column":24},"end":{"line":563,"column":25}},"251":{"start":{"line":556,"column":28},"end":{"line":562,"column":31}},"252":{"start":{"line":557,"column":32},"end":{"line":561,"column":35}},"253":{"start":{"line":567,"column":16},"end":{"line":573,"column":17}},"254":{"start":{"line":568,"column":47},"end":{"line":570,"column":85}},"255":{"start":{"line":572,"column":20},"end":{"line":572,"column":47}},"256":{"start":{"line":572,"column":33},"end":{"line":572,"column":47}},"257":{"start":{"line":576,"column":12},"end":{"line":576,"column":112}},"258":{"start":{"line":577,"column":12},"end":{"line":577,"column":72}},"259":{"start":{"line":580,"column":32},"end":{"line":580,"column":74}},"260":{"start":{"line":581,"column":16},"end":{"line":581,"column":72}},"261":{"start":{"line":582,"column":16},"end":{"line":582,"column":58}},"262":{"start":{"line":588,"column":32},"end":{"line":613,"column":21}},"263":{"start":{"line":615,"column":8},"end":{"line":618,"column":9}},"264":{"start":{"line":616,"column":12},"end":{"line":616,"column":75}},"265":{"start":{"line":617,"column":12},"end":{"line":617,"column":24}},"266":{"start":{"line":620,"column":26},"end":{"line":620,"column":51}},"267":{"start":{"line":621,"column":24},"end":{"line":641,"column":10}},"268":{"start":{"line":622,"column":12},"end":{"line":640,"column":14}},"269":{"start":{"line":628,"column":36},"end":{"line":628,"column":65}},"270":{"start":{"line":629,"column":41},"end":{"line":639,"column":22}},"271":{"start":{"line":635,"column":88},"end":{"line":638,"column":26}},"272":{"start":{"line":643,"column":8},"end":{"line":648,"column":10}}},"fnMap":{"0":{"name":"getStorageKey","decl":{"start":{"line":72,"column":9},"end":{"line":72,"column":22}},"loc":{"start":{"line":72,"column":22},"end":{"line":83,"column":1}}},"1":{"name":"(anonymous_2)","decl":{"start":{"line":75,"column":56},"end":{"line":75,"column":57}},"loc":{"start":{"line":75,"column":82},"end":{"line":80,"column":5}}},"2":{"name":"(anonymous_3)","decl":{"start":{"line":85,"column":32},"end":{"line":85,"column":35}},"loc":{"start":{"line":85,"column":37},"end":{"line":87,"column":1}}},"3":{"name":"(anonymous_4)","decl":{"start":{"line":90,"column":4},"end":{"line":90,"column":9}},"loc":{"start":{"line":90,"column":22},"end":{"line":103,"column":5}}},"4":{"name":"(anonymous_5)","decl":{"start":{"line":91,"column":31},"end":{"line":91,"column":36}},"loc":{"start":{"line":91,"column":42},"end":{"line":102,"column":9}}},"5":{"name":"(anonymous_6)","decl":{"start":{"line":105,"column":4},"end":{"line":105,"column":9}},"loc":{"start":{"line":105,"column":97},"end":{"line":171,"column":5}}},"6":{"name":"(anonymous_7)","decl":{"start":{"line":106,"column":31},"end":{"line":106,"column":36}},"loc":{"start":{"line":106,"column":42},"end":{"line":170,"column":9}}},"7":{"name":"(anonymous_8)","decl":{"start":{"line":121,"column":49},"end":{"line":121,"column":50}},"loc":{"start":{"line":121,"column":54},"end":{"line":121,"column":58}}},"8":{"name":"(anonymous_9)","decl":{"start":{"line":132,"column":66},"end":{"line":132,"column":67}},"loc":{"start":{"line":132,"column":72},"end":{"line":156,"column":18}}},"9":{"name":"(anonymous_10)","decl":{"start":{"line":143,"column":32},"end":{"line":143,"column":33}},"loc":{"start":{"line":143,"column":37},"end":{"line":143,"column":56}}},"10":{"name":"(anonymous_11)","decl":{"start":{"line":144,"column":29},"end":{"line":144,"column":30}},"loc":{"start":{"line":144,"column":35},"end":{"line":154,"column":26}}},"11":{"name":"(anonymous_12)","decl":{"start":{"line":155,"column":30},"end":{"line":155,"column":31}},"loc":{"start":{"line":155,"column":40},"end":{"line":155,"column":59}}},"12":{"name":"(anonymous_13)","decl":{"start":{"line":173,"column":4},"end":{"line":173,"column":9}},"loc":{"start":{"line":173,"column":39},"end":{"line":187,"column":5}}},"13":{"name":"(anonymous_14)","decl":{"start":{"line":174,"column":31},"end":{"line":174,"column":36}},"loc":{"start":{"line":174,"column":42},"end":{"line":186,"column":9}}},"14":{"name":"(anonymous_15)","decl":{"start":{"line":181,"column":77},"end":{"line":181,"column":78}},"loc":{"start":{"line":181,"column":82},"end":{"line":181,"column":102}}},"15":{"name":"(anonymous_16)","decl":{"start":{"line":189,"column":4},"end":{"line":189,"column":9}},"loc":{"start":{"line":189,"column":59},"end":{"line":270,"column":5}}},"16":{"name":"(anonymous_17)","decl":{"start":{"line":196,"column":24},"end":{"line":196,"column":29}},"loc":{"start":{"line":196,"column":35},"end":{"line":269,"column":9}}},"17":{"name":"(anonymous_18)","decl":{"start":{"line":197,"column":32},"end":{"line":197,"column":37}},"loc":{"start":{"line":197,"column":58},"end":{"line":238,"column":13}}},"18":{"name":"(anonymous_19)","decl":{"start":{"line":219,"column":56},"end":{"line":219,"column":57}},"loc":{"start":{"line":219,"column":62},"end":{"line":230,"column":22}}},"19":{"name":"(anonymous_20)","decl":{"start":{"line":241,"column":26},"end":{"line":241,"column":27}},"loc":{"start":{"line":241,"column":42},"end":{"line":241,"column":81}}},"20":{"name":"(anonymous_21)","decl":{"start":{"line":241,"column":54},"end":{"line":241,"column":57}},"loc":{"start":{"line":241,"column":61},"end":{"line":241,"column":80}}},"21":{"name":"(anonymous_22)","decl":{"start":{"line":272,"column":4},"end":{"line":272,"column":9}},"loc":{"start":{"line":272,"column":41},"end":{"line":283,"column":5}}},"22":{"name":"(anonymous_23)","decl":{"start":{"line":285,"column":4},"end":{"line":285,"column":9}},"loc":{"start":{"line":285,"column":46},"end":{"line":295,"column":5}}},"23":{"name":"(anonymous_24)","decl":{"start":{"line":290,"column":42},"end":{"line":290,"column":44}},"loc":{"start":{"line":290,"column":48},"end":{"line":290,"column":62}}},"24":{"name":"(anonymous_25)","decl":{"start":{"line":297,"column":4},"end":{"line":297,"column":9}},"loc":{"start":{"line":297,"column":27},"end":{"line":323,"column":5}}},"25":{"name":"(anonymous_26)","decl":{"start":{"line":309,"column":42},"end":{"line":309,"column":43}},"loc":{"start":{"line":309,"column":47},"end":{"line":309,"column":63}}},"26":{"name":"(anonymous_27)","decl":{"start":{"line":325,"column":4},"end":{"line":325,"column":9}},"loc":{"start":{"line":325,"column":27},"end":{"line":335,"column":5}}},"27":{"name":"(anonymous_28)","decl":{"start":{"line":337,"column":4},"end":{"line":337,"column":9}},"loc":{"start":{"line":337,"column":27},"end":{"line":347,"column":5}}},"28":{"name":"(anonymous_29)","decl":{"start":{"line":349,"column":4},"end":{"line":349,"column":9}},"loc":{"start":{"line":349,"column":50},"end":{"line":362,"column":5}}},"29":{"name":"(anonymous_30)","decl":{"start":{"line":364,"column":4},"end":{"line":364,"column":9}},"loc":{"start":{"line":364,"column":28},"end":{"line":373,"column":5}}},"30":{"name":"(anonymous_31)","decl":{"start":{"line":366,"column":53},"end":{"line":366,"column":58}},"loc":{"start":{"line":366,"column":62},"end":{"line":366,"column":93}}},"31":{"name":"(anonymous_32)","decl":{"start":{"line":369,"column":17},"end":{"line":369,"column":18}},"loc":{"start":{"line":369,"column":27},"end":{"line":369,"column":83}}},"32":{"name":"(anonymous_33)","decl":{"start":{"line":370,"column":20},"end":{"line":370,"column":21}},"loc":{"start":{"line":370,"column":68},"end":{"line":370,"column":80}}},"33":{"name":"(anonymous_34)","decl":{"start":{"line":375,"column":4},"end":{"line":375,"column":9}},"loc":{"start":{"line":375,"column":37},"end":{"line":403,"column":5}}},"34":{"name":"(anonymous_35)","decl":{"start":{"line":376,"column":31},"end":{"line":376,"column":36}},"loc":{"start":{"line":376,"column":42},"end":{"line":402,"column":9}}},"35":{"name":"(anonymous_36)","decl":{"start":{"line":382,"column":60},"end":{"line":382,"column":61}},"loc":{"start":{"line":382,"column":65},"end":{"line":382,"column":81}}},"36":{"name":"(anonymous_37)","decl":{"start":{"line":407,"column":4},"end":{"line":407,"column":9}},"loc":{"start":{"line":407,"column":28},"end":{"line":439,"column":5}}},"37":{"name":"(anonymous_38)","decl":{"start":{"line":428,"column":30},"end":{"line":428,"column":34}},"loc":{"start":{"line":428,"column":39},"end":{"line":438,"column":10}}},"38":{"name":"(anonymous_39)","decl":{"start":{"line":433,"column":51},"end":{"line":433,"column":52}},"loc":{"start":{"line":433,"column":57},"end":{"line":437,"column":14}}},"39":{"name":"(anonymous_40)","decl":{"start":{"line":441,"column":4},"end":{"line":441,"column":9}},"loc":{"start":{"line":441,"column":45},"end":{"line":491,"column":5}}},"40":{"name":"(anonymous_41)","decl":{"start":{"line":471,"column":18},"end":{"line":471,"column":19}},"loc":{"start":{"line":471,"column":28},"end":{"line":471,"column":57}}},"41":{"name":"(anonymous_42)","decl":{"start":{"line":472,"column":17},"end":{"line":472,"column":18}},"loc":{"start":{"line":472,"column":23},"end":{"line":482,"column":14}}},"42":{"name":"(anonymous_43)","decl":{"start":{"line":478,"column":56},"end":{"line":478,"column":57}},"loc":{"start":{"line":478,"column":62},"end":{"line":481,"column":18}}},"43":{"name":"(anonymous_44)","decl":{"start":{"line":493,"column":4},"end":{"line":493,"column":9}},"loc":{"start":{"line":504,"column":5},"end":{"line":585,"column":5}}},"44":{"name":"(anonymous_45)","decl":{"start":{"line":506,"column":53},"end":{"line":506,"column":54}},"loc":{"start":{"line":506,"column":58},"end":{"line":506,"column":80}}},"45":{"name":"(anonymous_46)","decl":{"start":{"line":508,"column":143},"end":{"line":508,"column":144}},"loc":{"start":{"line":508,"column":148},"end":{"line":508,"column":160}}},"46":{"name":"(anonymous_47)","decl":{"start":{"line":537,"column":55},"end":{"line":537,"column":56}},"loc":{"start":{"line":537,"column":61},"end":{"line":541,"column":18}}},"47":{"name":"(anonymous_48)","decl":{"start":{"line":554,"column":99},"end":{"line":554,"column":101}},"loc":{"start":{"line":554,"column":105},"end":{"line":554,"column":139}}},"48":{"name":"(anonymous_49)","decl":{"start":{"line":556,"column":51},"end":{"line":556,"column":52}},"loc":{"start":{"line":556,"column":55},"end":{"line":562,"column":29}}},"49":{"name":"(anonymous_50)","decl":{"start":{"line":587,"column":4},"end":{"line":587,"column":9}},"loc":{"start":{"line":587,"column":40},"end":{"line":649,"column":5}}},"50":{"name":"(anonymous_51)","decl":{"start":{"line":621,"column":59},"end":{"line":621,"column":60}},"loc":{"start":{"line":621,"column":80},"end":{"line":641,"column":9}}},"51":{"name":"(anonymous_52)","decl":{"start":{"line":628,"column":26},"end":{"line":628,"column":27}},"loc":{"start":{"line":628,"column":36},"end":{"line":628,"column":65}}},"52":{"name":"(anonymous_53)","decl":{"start":{"line":629,"column":25},"end":{"line":629,"column":26}},"loc":{"start":{"line":629,"column":41},"end":{"line":639,"column":22}}},"53":{"name":"(anonymous_54)","decl":{"start":{"line":635,"column":64},"end":{"line":635,"column":65}},"loc":{"start":{"line":635,"column":88},"end":{"line":638,"column":26}}}},"branchMap":{"0":{"loc":{"start":{"line":73,"column":4},"end":{"line":73,"column":52}},"type":"if","locations":[{"start":{"line":73,"column":4},"end":{"line":73,"column":52}}]},"1":{"loc":{"start":{"line":76,"column":8},"end":{"line":78,"column":9}},"type":"if","locations":[{"start":{"line":76,"column":8},"end":{"line":78,"column":9}}]},"2":{"loc":{"start":{"line":94,"column":16},"end":{"line":94,"column":36}},"type":"if","locations":[{"start":{"line":94,"column":16},"end":{"line":94,"column":36}}]},"3":{"loc":{"start":{"line":96,"column":36},"end":{"line":96,"column":99}},"type":"cond-expr","locations":[{"start":{"line":96,"column":57},"end":{"line":96,"column":94}},{"start":{"line":96,"column":97},"end":{"line":96,"column":99}}]},"4":{"loc":{"start":{"line":108,"column":32},"end":{"line":108,"column":98}},"type":"binary-expr","locations":[{"start":{"line":108,"column":32},"end":{"line":108,"column":47}},{"start":{"line":108,"column":51},"end":{"line":108,"column":98}}]},"5":{"loc":{"start":{"line":109,"column":16},"end":{"line":109,"column":66}},"type":"if","locations":[{"start":{"line":109,"column":16},"end":{"line":109,"column":66}}]},"6":{"loc":{"start":{"line":117,"column":16},"end":{"line":117,"column":51}},"type":"if","locations":[{"start":{"line":117,"column":16},"end":{"line":117,"column":51}}]},"7":{"loc":{"start":{"line":118,"column":16},"end":{"line":118,"column":113}},"type":"if","locations":[{"start":{"line":118,"column":16},"end":{"line":118,"column":113}}]},"8":{"loc":{"start":{"line":118,"column":20},"end":{"line":118,"column":76}},"type":"binary-expr","locations":[{"start":{"line":118,"column":20},"end":{"line":118,"column":31}},{"start":{"line":118,"column":36},"end":{"line":118,"column":76}}]},"9":{"loc":{"start":{"line":128,"column":16},"end":{"line":128,"column":49}},"type":"if","locations":[{"start":{"line":128,"column":16},"end":{"line":128,"column":49}}]},"10":{"loc":{"start":{"line":130,"column":36},"end":{"line":130,"column":78}},"type":"binary-expr","locations":[{"start":{"line":130,"column":36},"end":{"line":130,"column":72}},{"start":{"line":130,"column":76},"end":{"line":130,"column":78}}]},"11":{"loc":{"start":{"line":140,"column":26},"end":{"line":140,"column":38}},"type":"binary-expr","locations":[{"start":{"line":140,"column":26},"end":{"line":140,"column":32}},{"start":{"line":140,"column":36},"end":{"line":140,"column":38}}]},"12":{"loc":{"start":{"line":141,"column":31},"end":{"line":141,"column":91}},"type":"cond-expr","locations":[{"start":{"line":141,"column":46},"end":{"line":141,"column":78}},{"start":{"line":141,"column":81},"end":{"line":141,"column":91}}]},"13":{"loc":{"start":{"line":159,"column":16},"end":{"line":159,"column":62}},"type":"if","locations":[{"start":{"line":159,"column":16},"end":{"line":159,"column":62}}]},"14":{"loc":{"start":{"line":161,"column":36},"end":{"line":161,"column":91}},"type":"cond-expr","locations":[{"start":{"line":161,"column":49},"end":{"line":161,"column":86}},{"start":{"line":161,"column":89},"end":{"line":161,"column":91}}]},"15":{"loc":{"start":{"line":178,"column":16},"end":{"line":178,"column":69}},"type":"if","locations":[{"start":{"line":178,"column":16},"end":{"line":178,"column":69}}]},"16":{"loc":{"start":{"line":180,"column":39},"end":{"line":180,"column":102}},"type":"cond-expr","locations":[{"start":{"line":180,"column":60},"end":{"line":180,"column":97}},{"start":{"line":180,"column":100},"end":{"line":180,"column":102}}]},"17":{"loc":{"start":{"line":189,"column":48},"end":{"line":189,"column":59}},"type":"default-arg","locations":[{"start":{"line":189,"column":58},"end":{"line":189,"column":59}}]},"18":{"loc":{"start":{"line":191,"column":8},"end":{"line":193,"column":9}},"type":"if","locations":[{"start":{"line":191,"column":8},"end":{"line":193,"column":9}}]},"19":{"loc":{"start":{"line":199,"column":16},"end":{"line":199,"column":67}},"type":"if","locations":[{"start":{"line":199,"column":16},"end":{"line":199,"column":67}}]},"20":{"loc":{"start":{"line":213,"column":45},"end":{"line":213,"column":74}},"type":"binary-expr","locations":[{"start":{"line":213,"column":45},"end":{"line":213,"column":60}},{"start":{"line":213,"column":64},"end":{"line":213,"column":74}}]},"21":{"loc":{"start":{"line":216,"column":16},"end":{"line":216,"column":49}},"type":"if","locations":[{"start":{"line":216,"column":16},"end":{"line":216,"column":49}}]},"22":{"loc":{"start":{"line":218,"column":16},"end":{"line":237,"column":17}},"type":"if","locations":[{"start":{"line":218,"column":16},"end":{"line":237,"column":17}}]},"23":{"loc":{"start":{"line":236,"column":20},"end":{"line":236,"column":51}},"type":"if","locations":[{"start":{"line":236,"column":20},"end":{"line":236,"column":51}}]},"24":{"loc":{"start":{"line":251,"column":36},"end":{"line":251,"column":78}},"type":"cond-expr","locations":[{"start":{"line":251,"column":57},"end":{"line":251,"column":66}},{"start":{"line":251,"column":69},"end":{"line":251,"column":78}}]},"25":{"loc":{"start":{"line":253,"column":38},"end":{"line":253,"column":128}},"type":"cond-expr","locations":[{"start":{"line":253,"column":87},"end":{"line":253,"column":116}},{"start":{"line":253,"column":119},"end":{"line":253,"column":128}}]},"26":{"loc":{"start":{"line":253,"column":39},"end":{"line":253,"column":82}},"type":"binary-expr","locations":[{"start":{"line":253,"column":39},"end":{"line":253,"column":40}},{"start":{"line":253,"column":44},"end":{"line":253,"column":65}},{"start":{"line":253,"column":69},"end":{"line":253,"column":82}}]},"27":{"loc":{"start":{"line":254,"column":43},"end":{"line":254,"column":103}},"type":"binary-expr","locations":[{"start":{"line":254,"column":43},"end":{"line":254,"column":70}},{"start":{"line":254,"column":74},"end":{"line":254,"column":89}},{"start":{"line":254,"column":93},"end":{"line":254,"column":103}}]},"28":{"loc":{"start":{"line":256,"column":20},"end":{"line":261,"column":21}},"type":"if","locations":[{"start":{"line":256,"column":20},"end":{"line":261,"column":21}}]},"29":{"loc":{"start":{"line":256,"column":24},"end":{"line":256,"column":67}},"type":"binary-expr","locations":[{"start":{"line":256,"column":24},"end":{"line":256,"column":49}},{"start":{"line":256,"column":53},"end":{"line":256,"column":67}}]},"30":{"loc":{"start":{"line":275,"column":26},"end":{"line":275,"column":76}},"type":"cond-expr","locations":[{"start":{"line":275,"column":38},"end":{"line":275,"column":71}},{"start":{"line":275,"column":74},"end":{"line":275,"column":76}}]},"31":{"loc":{"start":{"line":276,"column":12},"end":{"line":279,"column":13}},"type":"if","locations":[{"start":{"line":276,"column":12},"end":{"line":279,"column":13}}]},"32":{"loc":{"start":{"line":288,"column":12},"end":{"line":288,"column":34}},"type":"if","locations":[{"start":{"line":288,"column":12},"end":{"line":288,"column":34}}]},"33":{"loc":{"start":{"line":300,"column":12},"end":{"line":300,"column":63}},"type":"if","locations":[{"start":{"line":300,"column":12},"end":{"line":300,"column":63}}]},"34":{"loc":{"start":{"line":303,"column":12},"end":{"line":303,"column":72}},"type":"if","locations":[{"start":{"line":303,"column":12},"end":{"line":303,"column":72}}]},"35":{"loc":{"start":{"line":310,"column":16},"end":{"line":316,"column":17}},"type":"if","locations":[{"start":{"line":310,"column":16},"end":{"line":316,"column":17}},{"start":{"line":313,"column":23},"end":{"line":316,"column":17}}]},"36":{"loc":{"start":{"line":312,"column":20},"end":{"line":312,"column":55}},"type":"if","locations":[{"start":{"line":312,"column":20},"end":{"line":312,"column":55}}]},"37":{"loc":{"start":{"line":328,"column":12},"end":{"line":328,"column":36}},"type":"if","locations":[{"start":{"line":328,"column":12},"end":{"line":328,"column":36}}]},"38":{"loc":{"start":{"line":340,"column":12},"end":{"line":340,"column":40}},"type":"if","locations":[{"start":{"line":340,"column":12},"end":{"line":340,"column":40}}]},"39":{"loc":{"start":{"line":352,"column":12},"end":{"line":352,"column":35}},"type":"if","locations":[{"start":{"line":352,"column":12},"end":{"line":352,"column":35}}]},"40":{"loc":{"start":{"line":354,"column":12},"end":{"line":358,"column":13}},"type":"if","locations":[{"start":{"line":354,"column":12},"end":{"line":358,"column":13}},{"start":{"line":356,"column":19},"end":{"line":358,"column":13}}]},"41":{"loc":{"start":{"line":369,"column":27},"end":{"line":369,"column":83}},"type":"cond-expr","locations":[{"start":{"line":369,"column":40},"end":{"line":369,"column":76}},{"start":{"line":369,"column":79},"end":{"line":369,"column":83}}]},"42":{"loc":{"start":{"line":379,"column":16},"end":{"line":379,"column":69}},"type":"if","locations":[{"start":{"line":379,"column":16},"end":{"line":379,"column":69}}]},"43":{"loc":{"start":{"line":381,"column":39},"end":{"line":381,"column":102}},"type":"cond-expr","locations":[{"start":{"line":381,"column":60},"end":{"line":381,"column":97}},{"start":{"line":381,"column":100},"end":{"line":381,"column":102}}]},"44":{"loc":{"start":{"line":386,"column":16},"end":{"line":388,"column":17}},"type":"if","locations":[{"start":{"line":386,"column":16},"end":{"line":388,"column":17}}]},"45":{"loc":{"start":{"line":396,"column":16},"end":{"line":396,"column":39}},"type":"if","locations":[{"start":{"line":396,"column":16},"end":{"line":396,"column":39}}]},"46":{"loc":{"start":{"line":422,"column":8},"end":{"line":425,"column":9}},"type":"if","locations":[{"start":{"line":422,"column":8},"end":{"line":425,"column":9}}]},"47":{"loc":{"start":{"line":427,"column":28},"end":{"line":427,"column":62}},"type":"binary-expr","locations":[{"start":{"line":427,"column":28},"end":{"line":427,"column":56}},{"start":{"line":427,"column":60},"end":{"line":427,"column":62}}]},"48":{"loc":{"start":{"line":432,"column":25},"end":{"line":432,"column":55}},"type":"binary-expr","locations":[{"start":{"line":432,"column":25},"end":{"line":432,"column":50}},{"start":{"line":432,"column":54},"end":{"line":432,"column":55}}]},"49":{"loc":{"start":{"line":433,"column":22},"end":{"line":433,"column":45}},"type":"binary-expr","locations":[{"start":{"line":433,"column":22},"end":{"line":433,"column":39}},{"start":{"line":433,"column":43},"end":{"line":433,"column":45}}]},"50":{"loc":{"start":{"line":464,"column":8},"end":{"line":467,"column":9}},"type":"if","locations":[{"start":{"line":464,"column":8},"end":{"line":467,"column":9}}]},"51":{"loc":{"start":{"line":464,"column":12},"end":{"line":464,"column":26}},"type":"binary-expr","locations":[{"start":{"line":464,"column":12},"end":{"line":464,"column":17}},{"start":{"line":464,"column":21},"end":{"line":464,"column":26}}]},"52":{"loc":{"start":{"line":470,"column":23},"end":{"line":470,"column":49}},"type":"binary-expr","locations":[{"start":{"line":470,"column":23},"end":{"line":470,"column":43}},{"start":{"line":470,"column":47},"end":{"line":470,"column":49}}]},"53":{"loc":{"start":{"line":478,"column":28},"end":{"line":478,"column":50}},"type":"binary-expr","locations":[{"start":{"line":478,"column":28},"end":{"line":478,"column":44}},{"start":{"line":478,"column":48},"end":{"line":478,"column":50}}]},"54":{"loc":{"start":{"line":506,"column":58},"end":{"line":506,"column":80}},"type":"binary-expr","locations":[{"start":{"line":506,"column":58},"end":{"line":506,"column":67}},{"start":{"line":506,"column":71},"end":{"line":506,"column":80}}]},"55":{"loc":{"start":{"line":507,"column":12},"end":{"line":511,"column":13}},"type":"if","locations":[{"start":{"line":507,"column":12},"end":{"line":511,"column":13}}]},"56":{"loc":{"start":{"line":521,"column":12},"end":{"line":521,"column":83}},"type":"if","locations":[{"start":{"line":521,"column":12},"end":{"line":521,"column":83}}]},"57":{"loc":{"start":{"line":521,"column":16},"end":{"line":521,"column":32}},"type":"binary-expr","locations":[{"start":{"line":521,"column":16},"end":{"line":521,"column":23}},{"start":{"line":521,"column":27},"end":{"line":521,"column":32}}]},"58":{"loc":{"start":{"line":521,"column":40},"end":{"line":521,"column":82}},"type":"binary-expr","locations":[{"start":{"line":521,"column":40},"end":{"line":521,"column":47}},{"start":{"line":521,"column":51},"end":{"line":521,"column":82}}]},"59":{"loc":{"start":{"line":535,"column":16},"end":{"line":535,"column":98}},"type":"if","locations":[{"start":{"line":535,"column":16},"end":{"line":535,"column":98}}]},"60":{"loc":{"start":{"line":535,"column":20},"end":{"line":535,"column":43}},"type":"binary-expr","locations":[{"start":{"line":535,"column":20},"end":{"line":535,"column":29}},{"start":{"line":535,"column":33},"end":{"line":535,"column":43}}]},"61":{"loc":{"start":{"line":535,"column":51},"end":{"line":535,"column":97}},"type":"binary-expr","locations":[{"start":{"line":535,"column":51},"end":{"line":535,"column":60}},{"start":{"line":535,"column":64},"end":{"line":535,"column":97}}]},"62":{"loc":{"start":{"line":549,"column":16},"end":{"line":549,"column":105}},"type":"if","locations":[{"start":{"line":549,"column":16},"end":{"line":549,"column":105}}]},"63":{"loc":{"start":{"line":549,"column":20},"end":{"line":549,"column":46}},"type":"binary-expr","locations":[{"start":{"line":549,"column":20},"end":{"line":549,"column":28}},{"start":{"line":549,"column":32},"end":{"line":549,"column":46}}]},"64":{"loc":{"start":{"line":549,"column":54},"end":{"line":549,"column":104}},"type":"binary-expr","locations":[{"start":{"line":549,"column":54},"end":{"line":549,"column":62}},{"start":{"line":549,"column":66},"end":{"line":549,"column":104}}]},"65":{"loc":{"start":{"line":553,"column":20},"end":{"line":564,"column":21}},"type":"if","locations":[{"start":{"line":553,"column":20},"end":{"line":564,"column":21}}]},"66":{"loc":{"start":{"line":553,"column":24},"end":{"line":553,"column":67}},"type":"binary-expr","locations":[{"start":{"line":553,"column":24},"end":{"line":553,"column":38}},{"start":{"line":553,"column":42},"end":{"line":553,"column":67}}]},"67":{"loc":{"start":{"line":555,"column":24},"end":{"line":563,"column":25}},"type":"if","locations":[{"start":{"line":555,"column":24},"end":{"line":563,"column":25}}]},"68":{"loc":{"start":{"line":567,"column":16},"end":{"line":573,"column":17}},"type":"if","locations":[{"start":{"line":567,"column":16},"end":{"line":573,"column":17}}]},"69":{"loc":{"start":{"line":572,"column":20},"end":{"line":572,"column":47}},"type":"if","locations":[{"start":{"line":572,"column":20},"end":{"line":572,"column":47}}]},"70":{"loc":{"start":{"line":580,"column":32},"end":{"line":580,"column":74}},"type":"cond-expr","locations":[{"start":{"line":580,"column":53},"end":{"line":580,"column":62}},{"start":{"line":580,"column":65},"end":{"line":580,"column":74}}]},"71":{"loc":{"start":{"line":615,"column":8},"end":{"line":618,"column":9}},"type":"if","locations":[{"start":{"line":615,"column":8},"end":{"line":618,"column":9}}]},"72":{"loc":{"start":{"line":615,"column":12},"end":{"line":615,"column":26}},"type":"binary-expr","locations":[{"start":{"line":615,"column":12},"end":{"line":615,"column":17}},{"start":{"line":615,"column":21},"end":{"line":615,"column":26}}]},"73":{"loc":{"start":{"line":621,"column":25},"end":{"line":621,"column":53}},"type":"binary-expr","locations":[{"start":{"line":621,"column":25},"end":{"line":621,"column":47}},{"start":{"line":621,"column":51},"end":{"line":621,"column":53}}]},"74":{"loc":{"start":{"line":627,"column":24},"end":{"line":627,"column":47}},"type":"binary-expr","locations":[{"start":{"line":627,"column":24},"end":{"line":627,"column":41}},{"start":{"line":627,"column":45},"end":{"line":627,"column":47}}]},"75":{"loc":{"start":{"line":635,"column":36},"end":{"line":635,"column":58}},"type":"binary-expr","locations":[{"start":{"line":635,"column":36},"end":{"line":635,"column":52}},{"start":{"line":635,"column":56},"end":{"line":635,"column":58}}]}},"s":{"0":0,"1":0,"2":0,"3":0,"4":0,"5":0,"6":0,"7":0,"8":0,"9":0,"10":0,"11":0,"12":0,"13":0,"14":0,"15":0,"16":0,"17":0,"18":0,"19":0,"20":0,"21":0,"22":0,"23":0,"24":0,"25":0,"26":0,"27":0,"28":0,"29":0,"30":0,"31":0,"32":0,"33":0,"34":0,"35":0,"36":0,"37":0,"38":0,"39":0,"40":0,"41":0,"42":0,"43":0,"44":0,"45":0,"46":0,"47":0,"48":0,"49":0,"50":0,"51":0,"52":0,"53":0,"54":0,"55":0,"56":0,"57":0,"58":0,"59":0,"60":0,"61":0,"62":0,"63":0,"64":0,"65":0,"66":0,"67":0,"68":0,"69":0,"70":0,"71":0,"72":0,"73":0,"74":0,"75":0,"76":0,"77":0,"78":0,"79":0,"80":0,"81":0,"82":0,"83":0,"84":0,"85":0,"86":0,"87":0,"88":0,"89":0,"90":0,"91":0,"92":0,"93":0,"94":0,"95":0,"96":0,"97":0,"98":0,"99":0,"100":0,"101":0,"102":0,"103":0,"104":0,"105":0,"106":0,"107":0,"108":0,"109":0,"110":0,"111":0,"112":0,"113":0,"114":0,"115":0,"116":0,"117":0,"118":0,"119":0,"120":0,"121":0,"122":0,"123":0,"124":0,"125":0,"126":0,"127":0,"128":0,"129":0,"130":0,"131":0,"132":0,"133":0,"134":0,"135":0,"136":0,"137":0,"138":0,"139":0,"140":0,"141":0,"142":0,"143":0,"144":0,"145":0,"146":0,"147":0,"148":0,"149":0,"150":0,"151":0,"152":0,"153":0,"154":0,"155":0,"156":0,"157":0,"158":0,"159":0,"160":0,"161":0,"162":0,"163":0,"164":0,"165":0,"166":0,"167":0,"168":0,"169":0,"170":0,"171":0,"172":0,"173":0,"174":0,"175":0,"176":0,"177":0,"178":0,"179":0,"180":0,"181":0,"182":0,"183":0,"184":0,"185":0,"186":0,"187":0,"188":0,"189":0,"190":0,"191":0,"192":0,"193":0,"194":0,"195":0,"196":0,"197":0,"198":0,"199":0,"200":0,"201":0,"202":0,"203":0,"204":0,"205":0,"206":0,"207":0,"208":0,"209":0,"210":0,"211":0,"212":0,"213":0,"214":0,"215":0,"216":0,"217":0,"218":0,"219":0,"220":0,"221":0,"222":0,"223":0,"224":0,"225":0,"226":0,"227":0,"228":0,"229":0,"230":0,"231":0,"232":0,"233":0,"234":0,"235":0,"236":0,"237":0,"238":0,"239":0,"240":0,"241":0,"242":0,"243":0,"244":0,"245":0,"246":0,"247":0,"248":0,"249":0,"250":0,"251":0,"252":0,"253":0,"254":0,"255":0,"256":0,"257":0,"258":0,"259":0,"260":0,"261":0,"262":0,"263":0,"264":0,"265":0,"266":0,"267":0,"268":0,"269":0,"270":0,"271":0,"272":0},"f":{"0":0,"1":0,"2":0,"3":0,"4":0,"5":0,"6":0,"7":0,"8":0,"9":0,"10":0,"11":0,"12":0,"13":0,"14":0,"15":0,"16":0,"17":0,"18":0,"19":0,"20":0,"21":0,"22":0,"23":0,"24":0,"25":0,"26":0,"27":0,"28":0,"29":0,"30":0,"31":0,"32":0,"33":0,"34":0,"35":0,"36":0,"37":0,"38":0,"39":0,"40":0,"41":0,"42":0,"43":0,"44":0,"45":0,"46":0,"47":0,"48":0,"49":0,"50":0,"51":0,"52":0,"53":0},"b":{"0":[0],"1":[0],"2":[0],"3":[0,0],"4":[0,0],"5":[0],"6":[0],"7":[0],"8":[0,0],"9":[0],"10":[0,0],"11":[0,0],"12":[0,0],"13":[0],"14":[0,0],"15":[0],"16":[0,0],"17":[0],"18":[0],"19":[0],"20":[0,0],"21":[0],"22":[0],"23":[0],"24":[0,0],"25":[0,0],"26":[0,0,0],"27":[0,0,0],"28":[0],"29":[0,0],"30":[0,0],"31":[0],"32":[0],"33":[0],"34":[0],"35":[0,0],"36":[0],"37":[0],"38":[0],"39":[0],"40":[0,0],"41":[0,0],"42":[0],"43":[0,0],"44":[0],"45":[0],"46":[0],"47":[0,0],"48":[0,0],"49":[0,0],"50":[0],"51":[0,0],"52":[0,0],"53":[0,0],"54":[0,0],"55":[0],"56":[0],"57":[0,0],"58":[0,0],"59":[0],"60":[0,0],"61":[0,0],"62":[0],"63":[0,0],"64":[0,0],"65":[0],"66":[0,0],"67":[0],"68":[0],"69":[0],"70":[0,0],"71":[0],"72":[0,0],"73":[0,0],"74":[0,0],"75":[0,0]}}
,"C:\\develop\\golf_scoring\\src\\modules\\golf\\golf.service.ts": {"path":"C:\\develop\\golf_scoring\\src\\modules\\golf\\golf.service.ts","statementMap":{"0":{"start":{"line":8,"column":13},"end":{"line":299,"column":2}},"1":{"start":{"line":13,"column":27},"end":{"line":13,"column":58}},"2":{"start":{"line":13,"column":45},"end":{"line":13,"column":57}},"3":{"start":{"line":15,"column":38},"end":{"line":37,"column":10}},"4":{"start":{"line":39,"column":50},"end":{"line":48,"column":10}},"5":{"start":{"line":50,"column":8},"end":{"line":50,"column":52}},"6":{"start":{"line":50,"column":37},"end":{"line":50,"column":52}},"7":{"start":{"line":52,"column":30},"end":{"line":52,"column":31}},"8":{"start":{"line":53,"column":30},"end":{"line":53,"column":31}},"9":{"start":{"line":54,"column":32},"end":{"line":54,"column":33}},"10":{"start":{"line":56,"column":8},"end":{"line":100,"column":11}},"11":{"start":{"line":57,"column":12},"end":{"line":57,"column":46}},"12":{"start":{"line":58,"column":12},"end":{"line":58,"column":41}},"13":{"start":{"line":59,"column":12},"end":{"line":59,"column":43}},"14":{"start":{"line":60,"column":12},"end":{"line":60,"column":46}},"15":{"start":{"line":61,"column":12},"end":{"line":61,"column":56}},"16":{"start":{"line":63,"column":12},"end":{"line":82,"column":13}},"17":{"start":{"line":64,"column":33},"end":{"line":64,"column":76}},"18":{"start":{"line":64,"column":67},"end":{"line":64,"column":75}},"19":{"start":{"line":65,"column":16},"end":{"line":81,"column":19}},"20":{"start":{"line":66,"column":39},"end":{"line":66,"column":56}},"21":{"start":{"line":68,"column":20},"end":{"line":70,"column":21}},"22":{"start":{"line":69,"column":24},"end":{"line":69,"column":56}},"23":{"start":{"line":72,"column":20},"end":{"line":80,"column":21}},"24":{"start":{"line":73,"column":24},"end":{"line":75,"column":25}},"25":{"start":{"line":74,"column":28},"end":{"line":74,"column":64}},"26":{"start":{"line":77,"column":24},"end":{"line":79,"column":25}},"27":{"start":{"line":78,"column":28},"end":{"line":78,"column":66}},"28":{"start":{"line":85,"column":12},"end":{"line":85,"column":80}},"29":{"start":{"line":85,"column":62},"end":{"line":85,"column":80}},"30":{"start":{"line":88,"column":12},"end":{"line":91,"column":13}},"31":{"start":{"line":89,"column":16},"end":{"line":89,"column":36}},"32":{"start":{"line":90,"column":16},"end":{"line":90,"column":54}},"33":{"start":{"line":90,"column":36},"end":{"line":90,"column":54}},"34":{"start":{"line":94,"column":34},"end":{"line":94,"column":56}},"35":{"start":{"line":95,"column":12},"end":{"line":99,"column":64}},"36":{"start":{"line":95,"column":37},"end":{"line":95,"column":54}},"37":{"start":{"line":96,"column":17},"end":{"line":99,"column":64}},"38":{"start":{"line":96,"column":43},"end":{"line":96,"column":61}},"39":{"start":{"line":97,"column":17},"end":{"line":99,"column":64}},"40":{"start":{"line":97,"column":42},"end":{"line":97,"column":57}},"41":{"start":{"line":98,"column":17},"end":{"line":99,"column":64}},"42":{"start":{"line":98,"column":42},"end":{"line":98,"column":59}},"43":{"start":{"line":99,"column":17},"end":{"line":99,"column":64}},"44":{"start":{"line":99,"column":41},"end":{"line":99,"column":64}},"45":{"start":{"line":102,"column":8},"end":{"line":102,"column":82}},"46":{"start":{"line":103,"column":8},"end":{"line":103,"column":110}},"47":{"start":{"line":105,"column":8},"end":{"line":105,"column":23}},"48":{"start":{"line":112,"column":8},"end":{"line":112,"column":44}},"49":{"start":{"line":119,"column":25},"end":{"line":121,"column":59}},"50":{"start":{"line":121,"column":50},"end":{"line":121,"column":58}},"51":{"start":{"line":123,"column":29},"end":{"line":123,"column":53}},"52":{"start":{"line":125,"column":8},"end":{"line":135,"column":9}},"53":{"start":{"line":126,"column":12},"end":{"line":129,"column":13}},"54":{"start":{"line":127,"column":29},"end":{"line":127,"column":104}},"55":{"start":{"line":128,"column":16},"end":{"line":128,"column":38}},"56":{"start":{"line":131,"column":12},"end":{"line":134,"column":13}},"57":{"start":{"line":132,"column":33},"end":{"line":132,"column":66}},"58":{"start":{"line":132,"column":54},"end":{"line":132,"column":65}},"59":{"start":{"line":133,"column":16},"end":{"line":133,"column":71}},"60":{"start":{"line":137,"column":8},"end":{"line":137,"column":39}},"61":{"start":{"line":144,"column":25},"end":{"line":144,"column":67}},"62":{"start":{"line":144,"column":47},"end":{"line":144,"column":66}},"63":{"start":{"line":146,"column":8},"end":{"line":146,"column":82}},"64":{"start":{"line":146,"column":22},"end":{"line":146,"column":82}},"65":{"start":{"line":148,"column":27},"end":{"line":148,"column":56}},"66":{"start":{"line":149,"column":8},"end":{"line":158,"column":10}},"67":{"start":{"line":165,"column":8},"end":{"line":168,"column":10}},"68":{"start":{"line":166,"column":39},"end":{"line":166,"column":44}},"69":{"start":{"line":167,"column":38},"end":{"line":167,"column":43}},"70":{"start":{"line":175,"column":26},"end":{"line":175,"column":54}},"71":{"start":{"line":176,"column":8},"end":{"line":176,"column":51}},"72":{"start":{"line":176,"column":27},"end":{"line":176,"column":49}},"73":{"start":{"line":178,"column":8},"end":{"line":189,"column":11}},"74":{"start":{"line":179,"column":24},"end":{"line":179,"column":45}},"75":{"start":{"line":180,"column":12},"end":{"line":188,"column":13}},"76":{"start":{"line":181,"column":16},"end":{"line":181,"column":43}},"77":{"start":{"line":182,"column":19},"end":{"line":188,"column":13}},"78":{"start":{"line":183,"column":16},"end":{"line":183,"column":43}},"79":{"start":{"line":184,"column":19},"end":{"line":188,"column":13}},"80":{"start":{"line":185,"column":16},"end":{"line":187,"column":17}},"81":{"start":{"line":186,"column":20},"end":{"line":186,"column":47}},"82":{"start":{"line":191,"column":8},"end":{"line":191,"column":46}},"83":{"start":{"line":198,"column":8},"end":{"line":198,"column":56}},"84":{"start":{"line":198,"column":44},"end":{"line":198,"column":56}},"85":{"start":{"line":200,"column":8},"end":{"line":203,"column":9}},"86":{"start":{"line":201,"column":29},"end":{"line":201,"column":66}},"87":{"start":{"line":201,"column":46},"end":{"line":201,"column":65}},"88":{"start":{"line":202,"column":12},"end":{"line":202,"column":42}},"89":{"start":{"line":202,"column":26},"end":{"line":202,"column":42}},"90":{"start":{"line":205,"column":8},"end":{"line":208,"column":9}},"91":{"start":{"line":206,"column":28},"end":{"line":206,"column":64}},"92":{"start":{"line":206,"column":45},"end":{"line":206,"column":63}},"93":{"start":{"line":207,"column":12},"end":{"line":207,"column":40}},"94":{"start":{"line":207,"column":25},"end":{"line":207,"column":40}},"95":{"start":{"line":210,"column":8},"end":{"line":210,"column":25}},"96":{"start":{"line":217,"column":33},"end":{"line":217,"column":35}},"97":{"start":{"line":219,"column":8},"end":{"line":239,"column":11}},"98":{"start":{"line":220,"column":33},"end":{"line":220,"column":48}},"99":{"start":{"line":223,"column":12},"end":{"line":225,"column":13}},"100":{"start":{"line":224,"column":16},"end":{"line":224,"column":92}},"101":{"start":{"line":228,"column":29},"end":{"line":228,"column":76}},"102":{"start":{"line":228,"column":61},"end":{"line":228,"column":72}},"103":{"start":{"line":229,"column":12},"end":{"line":231,"column":13}},"104":{"start":{"line":230,"column":16},"end":{"line":230,"column":83}},"105":{"start":{"line":234,"column":12},"end":{"line":238,"column":15}},"106":{"start":{"line":235,"column":16},"end":{"line":237,"column":17}},"107":{"start":{"line":236,"column":20},"end":{"line":236,"column":94}},"108":{"start":{"line":241,"column":8},"end":{"line":244,"column":10}},"109":{"start":{"line":251,"column":33},"end":{"line":251,"column":35}},"110":{"start":{"line":252,"column":22},"end":{"line":252,"column":33}},"111":{"start":{"line":254,"column":8},"end":{"line":257,"column":9}},"112":{"start":{"line":255,"column":12},"end":{"line":255,"column":43}},"113":{"start":{"line":256,"column":12},"end":{"line":256,"column":46}},"114":{"start":{"line":259,"column":8},"end":{"line":270,"column":11}},"115":{"start":{"line":260,"column":27},"end":{"line":260,"column":43}},"116":{"start":{"line":261,"column":12},"end":{"line":263,"column":13}},"117":{"start":{"line":262,"column":16},"end":{"line":262,"column":79}},"118":{"start":{"line":264,"column":12},"end":{"line":266,"column":13}},"119":{"start":{"line":265,"column":16},"end":{"line":265,"column":79}},"120":{"start":{"line":267,"column":12},"end":{"line":269,"column":13}},"121":{"start":{"line":268,"column":16},"end":{"line":268,"column":65}},"122":{"start":{"line":272,"column":8},"end":{"line":275,"column":10}},"123":{"start":{"line":282,"column":8},"end":{"line":297,"column":58}},"124":{"start":{"line":283,"column":25},"end":{"line":283,"column":43}},"125":{"start":{"line":285,"column":32},"end":{"line":285,"column":66}},"126":{"start":{"line":286,"column":16},"end":{"line":295,"column":18}},"127":{"start":{"line":297,"column":28},"end":{"line":297,"column":56}}},"fnMap":{"0":{"name":"(anonymous_0)","decl":{"start":{"line":12,"column":4},"end":{"line":12,"column":20}},"loc":{"start":{"line":12,"column":40},"end":{"line":106,"column":5}}},"1":{"name":"(anonymous_1)","decl":{"start":{"line":13,"column":40},"end":{"line":13,"column":41}},"loc":{"start":{"line":13,"column":45},"end":{"line":13,"column":57}}},"2":{"name":"(anonymous_2)","decl":{"start":{"line":56,"column":27},"end":{"line":56,"column":31}},"loc":{"start":{"line":56,"column":34},"end":{"line":100,"column":9}}},"3":{"name":"(anonymous_3)","decl":{"start":{"line":64,"column":62},"end":{"line":64,"column":63}},"loc":{"start":{"line":64,"column":67},"end":{"line":64,"column":75}}},"4":{"name":"(anonymous_4)","decl":{"start":{"line":65,"column":33},"end":{"line":65,"column":34}},"loc":{"start":{"line":65,"column":37},"end":{"line":81,"column":17}}},"5":{"name":"(anonymous_5)","decl":{"start":{"line":111,"column":4},"end":{"line":111,"column":9}},"loc":{"start":{"line":111,"column":51},"end":{"line":113,"column":5}}},"6":{"name":"(anonymous_6)","decl":{"start":{"line":118,"column":4},"end":{"line":118,"column":26}},"loc":{"start":{"line":118,"column":76},"end":{"line":138,"column":5}}},"7":{"name":"(anonymous_7)","decl":{"start":{"line":121,"column":45},"end":{"line":121,"column":46}},"loc":{"start":{"line":121,"column":50},"end":{"line":121,"column":58}}},"8":{"name":"(anonymous_8)","decl":{"start":{"line":132,"column":49},"end":{"line":132,"column":50}},"loc":{"start":{"line":132,"column":54},"end":{"line":132,"column":65}}},"9":{"name":"(anonymous_9)","decl":{"start":{"line":143,"column":4},"end":{"line":143,"column":15}},"loc":{"start":{"line":143,"column":81},"end":{"line":159,"column":5}}},"10":{"name":"(anonymous_10)","decl":{"start":{"line":144,"column":42},"end":{"line":144,"column":43}},"loc":{"start":{"line":144,"column":47},"end":{"line":144,"column":66}}},"11":{"name":"(anonymous_11)","decl":{"start":{"line":164,"column":4},"end":{"line":164,"column":25}},"loc":{"start":{"line":164,"column":93},"end":{"line":169,"column":5}}},"12":{"name":"(anonymous_12)","decl":{"start":{"line":166,"column":34},"end":{"line":166,"column":35}},"loc":{"start":{"line":166,"column":39},"end":{"line":166,"column":44}}},"13":{"name":"(anonymous_13)","decl":{"start":{"line":167,"column":33},"end":{"line":167,"column":34}},"loc":{"start":{"line":167,"column":38},"end":{"line":167,"column":43}}},"14":{"name":"(anonymous_14)","decl":{"start":{"line":174,"column":4},"end":{"line":174,"column":23}},"loc":{"start":{"line":174,"column":63},"end":{"line":192,"column":5}}},"15":{"name":"(anonymous_15)","decl":{"start":{"line":176,"column":22},"end":{"line":176,"column":23}},"loc":{"start":{"line":176,"column":27},"end":{"line":176,"column":49}}},"16":{"name":"(anonymous_16)","decl":{"start":{"line":178,"column":23},"end":{"line":178,"column":26}},"loc":{"start":{"line":178,"column":29},"end":{"line":189,"column":9}}},"17":{"name":"(anonymous_17)","decl":{"start":{"line":197,"column":4},"end":{"line":197,"column":28}},"loc":{"start":{"line":197,"column":96},"end":{"line":211,"column":5}}},"18":{"name":"(anonymous_18)","decl":{"start":{"line":201,"column":41},"end":{"line":201,"column":42}},"loc":{"start":{"line":201,"column":46},"end":{"line":201,"column":65}}},"19":{"name":"(anonymous_19)","decl":{"start":{"line":206,"column":40},"end":{"line":206,"column":41}},"loc":{"start":{"line":206,"column":45},"end":{"line":206,"column":63}}},"20":{"name":"(anonymous_20)","decl":{"start":{"line":216,"column":4},"end":{"line":216,"column":20}},"loc":{"start":{"line":216,"column":148},"end":{"line":245,"column":5}}},"21":{"name":"(anonymous_21)","decl":{"start":{"line":219,"column":29},"end":{"line":219,"column":30}},"loc":{"start":{"line":219,"column":45},"end":{"line":239,"column":9}}},"22":{"name":"(anonymous_22)","decl":{"start":{"line":228,"column":49},"end":{"line":228,"column":50}},"loc":{"start":{"line":228,"column":61},"end":{"line":228,"column":72}}},"23":{"name":"(anonymous_23)","decl":{"start":{"line":234,"column":33},"end":{"line":234,"column":37}},"loc":{"start":{"line":234,"column":40},"end":{"line":238,"column":13}}},"24":{"name":"(anonymous_24)","decl":{"start":{"line":250,"column":4},"end":{"line":250,"column":21}},"loc":{"start":{"line":250,"column":38},"end":{"line":276,"column":5}}},"25":{"name":"(anonymous_25)","decl":{"start":{"line":259,"column":22},"end":{"line":259,"column":23}},"loc":{"start":{"line":259,"column":26},"end":{"line":270,"column":9}}},"26":{"name":"(anonymous_26)","decl":{"start":{"line":281,"column":4},"end":{"line":281,"column":26}},"loc":{"start":{"line":281,"column":46},"end":{"line":298,"column":5}}},"27":{"name":"(anonymous_27)","decl":{"start":{"line":283,"column":20},"end":{"line":283,"column":21}},"loc":{"start":{"line":283,"column":25},"end":{"line":283,"column":43}}},"28":{"name":"(anonymous_28)","decl":{"start":{"line":284,"column":17},"end":{"line":284,"column":22}},"loc":{"start":{"line":284,"column":25},"end":{"line":296,"column":13}}},"29":{"name":"(anonymous_29)","decl":{"start":{"line":297,"column":18},"end":{"line":297,"column":19}},"loc":{"start":{"line":297,"column":28},"end":{"line":297,"column":56}}}},"branchMap":{"0":{"loc":{"start":{"line":50,"column":8},"end":{"line":50,"column":52}},"type":"if","locations":[{"start":{"line":50,"column":8},"end":{"line":50,"column":52}}]},"1":{"loc":{"start":{"line":60,"column":32},"end":{"line":60,"column":44}},"type":"binary-expr","locations":[{"start":{"line":60,"column":32},"end":{"line":60,"column":39}},{"start":{"line":60,"column":43},"end":{"line":60,"column":44}}]},"2":{"loc":{"start":{"line":61,"column":37},"end":{"line":61,"column":54}},"type":"binary-expr","locations":[{"start":{"line":61,"column":37},"end":{"line":61,"column":49}},{"start":{"line":61,"column":53},"end":{"line":61,"column":54}}]},"3":{"loc":{"start":{"line":63,"column":12},"end":{"line":82,"column":13}},"type":"if","locations":[{"start":{"line":63,"column":12},"end":{"line":82,"column":13}}]},"4":{"loc":{"start":{"line":63,"column":16},"end":{"line":63,"column":55}},"type":"binary-expr","locations":[{"start":{"line":63,"column":16},"end":{"line":63,"column":29}},{"start":{"line":63,"column":33},"end":{"line":63,"column":55}}]},"5":{"loc":{"start":{"line":66,"column":39},"end":{"line":66,"column":56}},"type":"binary-expr","locations":[{"start":{"line":66,"column":39},"end":{"line":66,"column":51}},{"start":{"line":66,"column":55},"end":{"line":66,"column":56}}]},"6":{"loc":{"start":{"line":68,"column":20},"end":{"line":70,"column":21}},"type":"if","locations":[{"start":{"line":68,"column":20},"end":{"line":70,"column":21}}]},"7":{"loc":{"start":{"line":72,"column":20},"end":{"line":80,"column":21}},"type":"if","locations":[{"start":{"line":72,"column":20},"end":{"line":80,"column":21}},{"start":{"line":76,"column":27},"end":{"line":80,"column":21}}]},"8":{"loc":{"start":{"line":73,"column":24},"end":{"line":75,"column":25}},"type":"if","locations":[{"start":{"line":73,"column":24},"end":{"line":75,"column":25}}]},"9":{"loc":{"start":{"line":77,"column":24},"end":{"line":79,"column":25}},"type":"if","locations":[{"start":{"line":77,"column":24},"end":{"line":79,"column":25}}]},"10":{"loc":{"start":{"line":85,"column":12},"end":{"line":85,"column":80}},"type":"if","locations":[{"start":{"line":85,"column":12},"end":{"line":85,"column":80}}]},"11":{"loc":{"start":{"line":88,"column":12},"end":{"line":91,"column":13}},"type":"if","locations":[{"start":{"line":88,"column":12},"end":{"line":91,"column":13}}]},"12":{"loc":{"start":{"line":90,"column":16},"end":{"line":90,"column":54}},"type":"if","locations":[{"start":{"line":90,"column":16},"end":{"line":90,"column":54}}]},"13":{"loc":{"start":{"line":95,"column":12},"end":{"line":99,"column":64}},"type":"if","locations":[{"start":{"line":95,"column":12},"end":{"line":99,"column":64}},{"start":{"line":96,"column":17},"end":{"line":99,"column":64}}]},"14":{"loc":{"start":{"line":96,"column":17},"end":{"line":99,"column":64}},"type":"if","locations":[{"start":{"line":96,"column":17},"end":{"line":99,"column":64}},{"start":{"line":97,"column":17},"end":{"line":99,"column":64}}]},"15":{"loc":{"start":{"line":97,"column":17},"end":{"line":99,"column":64}},"type":"if","locations":[{"start":{"line":97,"column":17},"end":{"line":99,"column":64}},{"start":{"line":98,"column":17},"end":{"line":99,"column":64}}]},"16":{"loc":{"start":{"line":98,"column":17},"end":{"line":99,"column":64}},"type":"if","locations":[{"start":{"line":98,"column":17},"end":{"line":99,"column":64}},{"start":{"line":99,"column":17},"end":{"line":99,"column":64}}]},"17":{"loc":{"start":{"line":99,"column":17},"end":{"line":99,"column":64}},"type":"if","locations":[{"start":{"line":99,"column":17},"end":{"line":99,"column":64}}]},"18":{"loc":{"start":{"line":103,"column":26},"end":{"line":103,"column":109}},"type":"cond-expr","locations":[{"start":{"line":103,"column":50},"end":{"line":103,"column":105}},{"start":{"line":103,"column":108},"end":{"line":103,"column":109}}]},"19":{"loc":{"start":{"line":119,"column":25},"end":{"line":121,"column":59}},"type":"cond-expr","locations":[{"start":{"line":120,"column":14},"end":{"line":120,"column":16}},{"start":{"line":121,"column":14},"end":{"line":121,"column":59}}]},"20":{"loc":{"start":{"line":119,"column":26},"end":{"line":119,"column":70}},"type":"binary-expr","locations":[{"start":{"line":119,"column":26},"end":{"line":119,"column":42}},{"start":{"line":119,"column":46},"end":{"line":119,"column":70}}]},"21":{"loc":{"start":{"line":125,"column":8},"end":{"line":135,"column":9}},"type":"if","locations":[{"start":{"line":125,"column":8},"end":{"line":135,"column":9}},{"start":{"line":130,"column":15},"end":{"line":135,"column":9}}]},"22":{"loc":{"start":{"line":126,"column":12},"end":{"line":129,"column":13}},"type":"if","locations":[{"start":{"line":126,"column":12},"end":{"line":129,"column":13}}]},"23":{"loc":{"start":{"line":127,"column":29},"end":{"line":127,"column":104}},"type":"cond-expr","locations":[{"start":{"line":127,"column":52},"end":{"line":127,"column":81}},{"start":{"line":127,"column":84},"end":{"line":127,"column":104}}]},"24":{"loc":{"start":{"line":131,"column":12},"end":{"line":134,"column":13}},"type":"if","locations":[{"start":{"line":131,"column":12},"end":{"line":134,"column":13}}]},"25":{"loc":{"start":{"line":133,"column":23},"end":{"line":133,"column":70}},"type":"cond-expr","locations":[{"start":{"line":133,"column":45},"end":{"line":133,"column":63}},{"start":{"line":133,"column":66},"end":{"line":133,"column":70}}]},"26":{"loc":{"start":{"line":137,"column":15},"end":{"line":137,"column":38}},"type":"binary-expr","locations":[{"start":{"line":137,"column":15},"end":{"line":137,"column":30}},{"start":{"line":137,"column":34},"end":{"line":137,"column":38}}]},"27":{"loc":{"start":{"line":146,"column":8},"end":{"line":146,"column":82}},"type":"if","locations":[{"start":{"line":146,"column":8},"end":{"line":146,"column":82}}]},"28":{"loc":{"start":{"line":146,"column":54},"end":{"line":146,"column":79}},"type":"binary-expr","locations":[{"start":{"line":146,"column":54},"end":{"line":146,"column":71}},{"start":{"line":146,"column":75},"end":{"line":146,"column":79}}]},"29":{"loc":{"start":{"line":148,"column":27},"end":{"line":148,"column":56}},"type":"binary-expr","locations":[{"start":{"line":148,"column":27},"end":{"line":148,"column":51}},{"start":{"line":148,"column":55},"end":{"line":148,"column":56}}]},"30":{"loc":{"start":{"line":180,"column":12},"end":{"line":188,"column":13}},"type":"if","locations":[{"start":{"line":180,"column":12},"end":{"line":188,"column":13}},{"start":{"line":182,"column":19},"end":{"line":188,"column":13}}]},"31":{"loc":{"start":{"line":182,"column":19},"end":{"line":188,"column":13}},"type":"if","locations":[{"start":{"line":182,"column":19},"end":{"line":188,"column":13}},{"start":{"line":184,"column":19},"end":{"line":188,"column":13}}]},"32":{"loc":{"start":{"line":182,"column":40},"end":{"line":182,"column":58}},"type":"binary-expr","locations":[{"start":{"line":182,"column":40},"end":{"line":182,"column":53}},{"start":{"line":182,"column":57},"end":{"line":182,"column":58}}]},"33":{"loc":{"start":{"line":184,"column":19},"end":{"line":188,"column":13}},"type":"if","locations":[{"start":{"line":184,"column":19},"end":{"line":188,"column":13}}]},"34":{"loc":{"start":{"line":184,"column":42},"end":{"line":184,"column":60}},"type":"binary-expr","locations":[{"start":{"line":184,"column":42},"end":{"line":184,"column":55}},{"start":{"line":184,"column":59},"end":{"line":184,"column":60}}]},"35":{"loc":{"start":{"line":185,"column":16},"end":{"line":187,"column":17}},"type":"if","locations":[{"start":{"line":185,"column":16},"end":{"line":187,"column":17}}]},"36":{"loc":{"start":{"line":198,"column":8},"end":{"line":198,"column":56}},"type":"if","locations":[{"start":{"line":198,"column":8},"end":{"line":198,"column":56}}]},"37":{"loc":{"start":{"line":198,"column":12},"end":{"line":198,"column":42}},"type":"binary-expr","locations":[{"start":{"line":198,"column":12},"end":{"line":198,"column":19}},{"start":{"line":198,"column":23},"end":{"line":198,"column":42}}]},"38":{"loc":{"start":{"line":200,"column":8},"end":{"line":203,"column":9}},"type":"if","locations":[{"start":{"line":200,"column":8},"end":{"line":203,"column":9}}]},"39":{"loc":{"start":{"line":202,"column":12},"end":{"line":202,"column":42}},"type":"if","locations":[{"start":{"line":202,"column":12},"end":{"line":202,"column":42}}]},"40":{"loc":{"start":{"line":205,"column":8},"end":{"line":208,"column":9}},"type":"if","locations":[{"start":{"line":205,"column":8},"end":{"line":208,"column":9}}]},"41":{"loc":{"start":{"line":207,"column":12},"end":{"line":207,"column":40}},"type":"if","locations":[{"start":{"line":207,"column":12},"end":{"line":207,"column":40}}]},"42":{"loc":{"start":{"line":223,"column":12},"end":{"line":225,"column":13}},"type":"if","locations":[{"start":{"line":223,"column":12},"end":{"line":225,"column":13}}]},"43":{"loc":{"start":{"line":229,"column":12},"end":{"line":231,"column":13}},"type":"if","locations":[{"start":{"line":229,"column":12},"end":{"line":231,"column":13}}]},"44":{"loc":{"start":{"line":229,"column":16},"end":{"line":229,"column":60}},"type":"binary-expr","locations":[{"start":{"line":229,"column":16},"end":{"line":229,"column":31}},{"start":{"line":229,"column":35},"end":{"line":229,"column":60}}]},"45":{"loc":{"start":{"line":235,"column":16},"end":{"line":237,"column":17}},"type":"if","locations":[{"start":{"line":235,"column":16},"end":{"line":237,"column":17}}]},"46":{"loc":{"start":{"line":235,"column":20},"end":{"line":235,"column":66}},"type":"binary-expr","locations":[{"start":{"line":235,"column":20},"end":{"line":235,"column":35}},{"start":{"line":235,"column":39},"end":{"line":235,"column":66}}]},"47":{"loc":{"start":{"line":254,"column":8},"end":{"line":257,"column":9}},"type":"if","locations":[{"start":{"line":254,"column":8},"end":{"line":257,"column":9}}]},"48":{"loc":{"start":{"line":261,"column":12},"end":{"line":263,"column":13}},"type":"if","locations":[{"start":{"line":261,"column":12},"end":{"line":263,"column":13}}]},"49":{"loc":{"start":{"line":264,"column":12},"end":{"line":266,"column":13}},"type":"if","locations":[{"start":{"line":264,"column":12},"end":{"line":266,"column":13}}]},"50":{"loc":{"start":{"line":267,"column":12},"end":{"line":269,"column":13}},"type":"if","locations":[{"start":{"line":267,"column":12},"end":{"line":269,"column":13}}]},"51":{"loc":{"start":{"line":267,"column":16},"end":{"line":267,"column":47}},"type":"binary-expr","locations":[{"start":{"line":267,"column":16},"end":{"line":267,"column":34}},{"start":{"line":267,"column":38},"end":{"line":267,"column":47}}]},"52":{"loc":{"start":{"line":289,"column":58},"end":{"line":289,"column":81}},"type":"binary-expr","locations":[{"start":{"line":289,"column":58},"end":{"line":289,"column":76}},{"start":{"line":289,"column":80},"end":{"line":289,"column":81}}]}},"s":{"0":0,"1":0,"2":0,"3":0,"4":0,"5":0,"6":0,"7":0,"8":0,"9":0,"10":0,"11":0,"12":0,"13":0,"14":0,"15":0,"16":0,"17":0,"18":0,"19":0,"20":0,"21":0,"22":0,"23":0,"24":0,"25":0,"26":0,"27":0,"28":0,"29":0,"30":0,"31":0,"32":0,"33":0,"34":0,"35":0,"36":0,"37":0,"38":0,"39":0,"40":0,"41":0,"42":0,"43":0,"44":0,"45":0,"46":0,"47":0,"48":0,"49":0,"50":0,"51":0,"52":0,"53":0,"54":0,"55":0,"56":0,"57":0,"58":0,"59":0,"60":0,"61":0,"62":0,"63":0,"64":0,"65":0,"66":0,"67":0,"68":0,"69":0,"70":0,"71":0,"72":0,"73":0,"74":0,"75":0,"76":0,"77":0,"78":0,"79":0,"80":0,"81":0,"82":0,"83":0,"84":0,"85":0,"86":0,"87":0,"88":0,"89":0,"90":0,"91":0,"92":0,"93":0,"94":0,"95":0,"96":0,"97":0,"98":0,"99":0,"100":0,"101":0,"102":0,"103":0,"104":0,"105":0,"106":0,"107":0,"108":0,"109":0,"110":0,"111":0,"112":0,"113":0,"114":0,"115":0,"116":0,"117":0,"118":0,"119":0,"120":0,"121":0,"122":0,"123":0,"124":0,"125":0,"126":0,"127":0},"f":{"0":0,"1":0,"2":0,"3":0,"4":0,"5":0,"6":0,"7":0,"8":0,"9":0,"10":0,"11":0,"12":0,"13":0,"14":0,"15":0,"16":0,"17":0,"18":0,"19":0,"20":0,"21":0,"22":0,"23":0,"24":0,"25":0,"26":0,"27":0,"28":0,"29":0},"b":{"0":[0],"1":[0,0],"2":[0,0],"3":[0],"4":[0,0],"5":[0,0],"6":[0],"7":[0,0],"8":[0],"9":[0],"10":[0],"11":[0],"12":[0],"13":[0,0],"14":[0,0],"15":[0,0],"16":[0,0],"17":[0],"18":[0,0],"19":[0,0],"20":[0,0],"21":[0,0],"22":[0],"23":[0,0],"24":[0],"25":[0,0],"26":[0,0],"27":[0],"28":[0,0],"29":[0,0],"30":[0,0],"31":[0,0],"32":[0,0],"33":[0],"34":[0,0],"35":[0],"36":[0],"37":[0,0],"38":[0],"39":[0],"40":[0],"41":[0],"42":[0],"43":[0],"44":[0,0],"45":[0],"46":[0,0],"47":[0],"48":[0],"49":[0],"50":[0],"51":[0,0],"52":[0,0]}}
,"C:\\develop\\golf_scoring\\src\\modules\\golf\\components\\Dashboard\\EmptyState.tsx": {"path":"C:\\develop\\golf_scoring\\src\\modules\\golf\\components\\Dashboard\\EmptyState.tsx","statementMap":{"0":{"start":{"line":8,"column":0},"end":{"line":8,"column":16}},"1":{"start":{"line":1,"column":0},"end":{"line":1,"column":72}},"2":{"start":{"line":2,"column":0},"end":{"line":2,"column":57}},"3":{"start":{"line":9,"column":2},"end":{"line":24,"column":4}},"4":{"start":{"line":27,"column":15},"end":{"line":73,"column":2}}},"fnMap":{"0":{"name":"EmptyState","decl":{"start":{"line":8,"column":16},"end":{"line":8,"column":26}},"loc":{"start":{"line":8,"column":58},"end":{"line":25,"column":1}}}},"branchMap":{},"s":{"0":0,"1":0,"2":0,"3":0,"4":0},"f":{"0":0},"b":{}}
,"C:\\develop\\golf_scoring\\src\\modules\\golf\\components\\Dashboard\\LeaderboardCard.tsx": {"path":"C:\\develop\\golf_scoring\\src\\modules\\golf\\components\\Dashboard\\LeaderboardCard.tsx","statementMap":{"0":{"start":{"line":17,"column":0},"end":{"line":17,"column":16}},"1":{"start":{"line":1,"column":0},"end":{"line":1,"column":91}},"2":{"start":{"line":2,"column":0},"end":{"line":2,"column":68}},"3":{"start":{"line":28,"column":2},"end":{"line":97,"column":4}},"4":{"start":{"line":100,"column":15},"end":{"line":244,"column":2}}},"fnMap":{"0":{"name":"LeaderboardCard","decl":{"start":{"line":17,"column":16},"end":{"line":17,"column":31}},"loc":{"start":{"line":27,"column":23},"end":{"line":98,"column":1}}}},"branchMap":{"0":{"loc":{"start":{"line":36,"column":13},"end":{"line":37,"column":null}},"type":"binary-expr","locations":[{"start":{"line":36,"column":13},"end":{"line":36,"column":35}},{"start":{"line":37,"column":14},"end":{"line":37,"column":100}}]},"1":{"loc":{"start":{"line":57,"column":56},"end":{"line":57,"column":129}},"type":"cond-expr","locations":[{"start":{"line":57,"column":76},"end":{"line":57,"column":85}},{"start":{"line":57,"column":88},"end":{"line":57,"column":129}}]},"2":{"loc":{"start":{"line":57,"column":88},"end":{"line":57,"column":129}},"type":"cond-expr","locations":[{"start":{"line":57,"column":108},"end":{"line":57,"column":117}},{"start":{"line":57,"column":120},"end":{"line":57,"column":129}}]},"3":{"loc":{"start":{"line":61,"column":56},"end":{"line":61,"column":129}},"type":"cond-expr","locations":[{"start":{"line":61,"column":76},"end":{"line":61,"column":85}},{"start":{"line":61,"column":88},"end":{"line":61,"column":129}}]},"4":{"loc":{"start":{"line":61,"column":88},"end":{"line":61,"column":129}},"type":"cond-expr","locations":[{"start":{"line":61,"column":108},"end":{"line":61,"column":117}},{"start":{"line":61,"column":120},"end":{"line":61,"column":129}}]},"5":{"loc":{"start":{"line":68,"column":9},"end":{"line":82,"column":null}},"type":"binary-expr","locations":[{"start":{"line":68,"column":9},"end":{"line":68,"column":24}},{"start":{"line":69,"column":10},"end":{"line":81,"column":null}}]},"6":{"loc":{"start":{"line":70,"column":45},"end":{"line":70,"column":74}},"type":"binary-expr","locations":[{"start":{"line":70,"column":45},"end":{"line":70,"column":54}},{"start":{"line":70,"column":58},"end":{"line":70,"column":74}}]},"7":{"loc":{"start":{"line":74,"column":13},"end":{"line":80,"column":null}},"type":"cond-expr","locations":[{"start":{"line":75,"column":14},"end":{"line":75,"column":64}},{"start":{"line":77,"column":14},"end":{"line":79,"column":null}}]},"8":{"loc":{"start":{"line":93,"column":64},"end":{"line":93,"column":84}},"type":"binary-expr","locations":[{"start":{"line":93,"column":64},"end":{"line":93,"column":79}},{"start":{"line":93,"column":83},"end":{"line":93,"column":84}}]}},"s":{"0":0,"1":0,"2":0,"3":0,"4":0},"f":{"0":0},"b":{"0":[0,0],"1":[0,0],"2":[0,0],"3":[0,0],"4":[0,0],"5":[0,0],"6":[0,0],"7":[0,0],"8":[0,0]}}
[...]
,"C:\\develop\\golf_scoring\\src\\shared\\components\\StyledText.tsx": {"path":"C:\\develop\\golf_scoring\\src\\shared\\components\\StyledText.tsx","statementMap":{"0":{"start":{"line":3,"column":0},"end":{"line":3,"column":16}},"1":{"start":{"line":1,"column":0},"end":{"line":1,"column":43}},"2":{"start":{"line":4,"column":2},"end":{"line":4,"column":80}}},"fnMap":{"0":{"name":"MonoText","decl":{"start":{"line":3,"column":16},"end":{"line":3,"column":24}},"loc":{"start":{"line":3,"column":41},"end":{"line":5,"column":1}}}},"branchMap":{},"s":{"0":0,"1":0,"2":0},"f":{"0":0},"b":{}}
,"C:\\develop\\golf_scoring\\src\\shared\\components\\Themed.tsx": {"path":"C:\\develop\\golf_scoring\\src\\shared\\components\\Themed.tsx","statementMap":{"0":{"start":{"line":19,"column":0},"end":{"line":19,"column":16}},"1":{"start":{"line":33,"column":0},"end":{"line":33,"column":16}},"2":{"start":{"line":40,"column":0},"end":{"line":40,"column":16}},"3":{"start":{"line":5,"column":0},"end":{"line":5,"column":72}},"4":{"start":{"line":7,"column":0},"end":{"line":7,"column":50}},"5":{"start":{"line":9,"column":0},"end":{"line":9,"column":51}},"6":{"start":{"line":23,"column":16},"end":{"line":23,"column":32}},"7":{"start":{"line":24,"column":25},"end":{"line":24,"column":37}},"8":{"start":{"line":26,"column":2},"end":{"line":30,"column":3}},"9":{"start":{"line":27,"column":4},"end":{"line":27,"column":26}},"10":{"start":{"line":29,"column":4},"end":{"line":29,"column":36}},"11":{"start":{"line":34,"column":58},"end":{"line":34,"column":63}},"12":{"start":{"line":35,"column":16},"end":{"line":35,"column":77}},"13":{"start":{"line":37,"column":2},"end":{"line":37,"column":68}},"14":{"start":{"line":41,"column":58},"end":{"line":41,"column":63}},"15":{"start":{"line":42,"column":26},"end":{"line":42,"column":93}},"16":{"start":{"line":44,"column":2},"end":{"line":44,"column":78}}},"fnMap":{"0":{"name":"useThemeColor","decl":{"start":{"line":19,"column":16},"end":{"line":19,"column":29}},"loc":{"start":{"line":21,"column":65},"end":{"line":31,"column":1}}},"1":{"name":"Text","decl":{"start":{"line":33,"column":16},"end":{"line":33,"column":20}},"loc":{"start":{"line":33,"column":37},"end":{"line":38,"column":1}}},"2":{"name":"View","decl":{"start":{"line":40,"column":16},"end":{"line":40,"column":20}},"loc":{"start":{"line":40,"column":37},"end":{"line":45,"column":1}}}},"branchMap":{"0":{"loc":{"start":{"line":26,"column":2},"end":{"line":30,"column":3}},"type":"if","locations":[{"start":{"line":26,"column":2},"end":{"line":30,"column":3}},{"start":{"line":28,"column":9},"end":{"line":30,"column":3}}]}},"s":{"0":0,"1":0,"2":0,"3":0,"4":0,"5":0,"6":0,"7":0,"8":0,"9":0,"10":0,"11":0,"12":0,"13":0,"14":0,"15":0,"16":0},"f":{"0":0,"1":0,"2":0},"b":{"0":[0,0]}}
,"C:\\develop\\golf_scoring\\src\\shared\\components\\ToastConfig.tsx": {"path":"C:\\develop\\golf_scoring\\src\\shared\\components\\ToastConfig.tsx","statementMap":{"0":{"start":{"line":1,"column":0},"end":{"line":1,"column":42}},"1":{"start":{"line":2,"column":0},"end":{"line":2,"column":76}},"2":{"start":{"line":4,"column":0},"end":{"line":4,"column":46}},"3":{"start":{"line":6,"column":21},"end":{"line":6,"column":51}},"4":{"start":{"line":18,"column":18},"end":{"line":18,"column":55}},"5":{"start":{"line":19,"column":21},"end":{"line":19,"column":59}},"6":{"start":{"line":21,"column":2},"end":{"line":33,"column":39}},"7":{"start":{"line":22,"column":4},"end":{"line":32,"column":5}},"8":{"start":{"line":23,"column":6},"end":{"line":26,"column":17}},"9":{"start":{"line":28,"column":6},"end":{"line":31,"column":17}},"10":{"start":{"line":35,"column":2},"end":{"line":39,"column":4}},"11":{"start":{"line":58,"column":2},"end":{"line":68,"column":4}},"12":{"start":{"line":74,"column":13},"end":{"line":108,"column":2}},"13":{"start":{"line":76,"column":4},"end":{"line":83,"column":null}},"14":{"start":{"line":87,"column":4},"end":{"line":94,"column":null}},"15":{"start":{"line":98,"column":4},"end":{"line":105,"column":null}},"16":{"start":{"line":113,"column":15},"end":{"line":152,"column":2}}},"fnMap":{"0":{"name":"FadeToast","decl":{"start":{"line":11,"column":9},"end":{"line":11,"column":18}},"loc":{"start":{"line":17,"column":1},"end":{"line":40,"column":1}}},"1":{"name":"(anonymous_1)","decl":{"start":{"line":21,"column":12},"end":{"line":21,"column":15}},"loc":{"start":{"line":21,"column":17},"end":{"line":33,"column":3}}},"2":{"name":"ToastContent","decl":{"start":{"line":45,"column":9},"end":{"line":45,"column":21}},"loc":{"start":{"line":57,"column":1},"end":{"line":69,"column":1}}},"3":{"name":"(anonymous_3)","decl":{"start":{"line":75,"column":11},"end":{"line":75,"column":12}},"loc":{"start":{"line":76,"column":4},"end":{"line":83,"column":null}}},"4":{"name":"(anonymous_4)","decl":{"start":{"line":86,"column":9},"end":{"line":86,"column":10}},"loc":{"start":{"line":87,"column":4},"end":{"line":94,"column":null}}},"5":{"name":"(anonymous_5)","decl":{"start":{"line":97,"column":8},"end":{"line":97,"column":9}},"loc":{"start":{"line":98,"column":4},"end":{"line":105,"column":null}}}},"branchMap":{"0":{"loc":{"start":{"line":22,"column":4},"end":{"line":32,"column":5}},"type":"if","locations":[{"start":{"line":22,"column":4},"end":{"line":32,"column":5}},{"start":{"line":27,"column":11},"end":{"line":32,"column":5}}]},"1":{"loc":{"start":{"line":64,"column":9},"end":{"line":64,"column":59}},"type":"binary-expr","locations":[{"start":{"line":64,"column":9},"end":{"line":64,"column":14}},{"start":{"line":64,"column":18},"end":{"line":64,"column":59}}]},"2":{"loc":{"start":{"line":65,"column":9},"end":{"line":65,"column":61}},"type":"binary-expr","locations":[{"start":{"line":65,"column":9},"end":{"line":65,"column":14}},{"start":{"line":65,"column":18},"end":{"line":65,"column":61}}]}},"s":{"0":0,"1":0,"2":0,"3":0,"4":0,"5":0,"6":0,"7":0,"8":0,"9":0,"10":0,"11":0,"12":0,"13":0,"14":0,"15":0,"16":0},"f":{"0":0,"1":0,"2":0,"3":0,"4":0,"5":0},"b":{"0":[0,0],"1":[0,0],"2":[0,0]}}
,"C:\\develop\\golf_scoring\\src\\shared\\components\\useClientOnlyValue.ts": {"path":"C:\\develop\\golf_scoring\\src\\shared\\components\\useClientOnlyValue.ts","statementMap":{"0":{"start":{"line":2,"column":0},"end":{"line":2,"column":16}},"1":{"start":{"line":3,"column":2},"end":{"line":3,"column":16}}},"fnMap":{"0":{"name":"useClientOnlyValue","decl":{"start":{"line":2,"column":16},"end":{"line":2,"column":34}},"loc":{"start":{"line":2,"column":62},"end":{"line":4,"column":1}}}},"branchMap":{},"s":{"0":0,"1":0},"f":{"0":0},"b":{}}
,"C:\\develop\\golf_scoring\\src\\shared\\components\\useClientOnlyValue.web.ts": {"path":"C:\\develop\\golf_scoring\\src\\shared\\components\\useClientOnlyValue.web.ts","statementMap":{"0":{"start":{"line":5,"column":0},"end":{"line":5,"column":16}},"1":{"start":{"line":1,"column":0},"end":{"line":1,"column":26}},"2":{"start":{"line":6,"column":28},"end":{"line":6,"column":57}},"3":{"start":{"line":7,"column":2},"end":{"line":9,"column":15}},"4":{"start":{"line":8,"column":4},"end":{"line":8,"column":21}},"5":{"start":{"line":11,"column":2},"end":{"line":11,"column":15}}},"fnMap":{"0":{"name":"useClientOnlyValue","decl":{"start":{"line":5,"column":16},"end":{"line":5,"column":34}},"loc":{"start":{"line":5,"column":61},"end":{"line":12,"column":1}}},"1":{"name":"(anonymous_2)","decl":{"start":{"line":7,"column":18},"end":{"line":7,"column":21}},"loc":{"start":{"line":7,"column":23},"end":{"line":9,"column":3}}}},"branchMap":{},"s":{"0":0,"1":0,"2":0,"3":0,"4":0,"5":0},"f":{"0":0,"1":0},"b":{}}
,"C:\\develop\\golf_scoring\\src\\shared\\components\\useColorScheme.ts": {"path":"C:\\develop\\golf_scoring\\src\\shared\\components\\useColorScheme.ts","statementMap":{"0":{"start":{"line":1,"column":0},"end":{"line":1,"column":68}},"1":{"start":{"line":3,"column":30},"end":{"line":6,"column":1}},"2":{"start":{"line":4,"column":21},"end":{"line":4,"column":41}},"3":{"start":{"line":5,"column":2},"end":{"line":5,"column":61}},"4":{"start":{"line":3,"column":13},"end":{"line":3,"column":30}}},"fnMap":{"0":{"name":"(anonymous_0)","decl":{"start":{"line":3,"column":30},"end":{"line":3,"column":33}},"loc":{"start":{"line":3,"column":35},"end":{"line":6,"column":1}}}},"branchMap":{"0":{"loc":{"start":{"line":5,"column":9},"end":{"line":5,"column":60}},"type":"cond-expr","locations":[{"start":{"line":5,"column":40},"end":{"line":5,"column":47}},{"start":{"line":5,"column":50},"end":{"line":5,"column":60}}]}},"s":{"0":0,"1":0,"2":0,"3":0,"4":0},"f":{"0":0},"b":{"0":[0,0]}}
,"C:\\develop\\golf_scoring\\src\\shared\\components\\useColorScheme.web.ts": {"path":"C:\\develop\\golf_scoring\\src\\shared\\components\\useColorScheme.web.ts","statementMap":{"0":{"start":{"line":6,"column":0},"end":{"line":6,"column":16}},"1":{"start":{"line":7,"column":2},"end":{"line":7,"column":17}}},"fnMap":{"0":{"name":"useColorScheme","decl":{"start":{"line":6,"column":16},"end":{"line":6,"column":30}},"loc":{"start":{"line":6,"column":30},"end":{"line":8,"column":1}}}},"branchMap":{},"s":{"0":0,"1":0},"f":{"0":0},"b":{}}
,"C:\\develop\\golf_scoring\\src\\shared\\components\\useIsAdmin.ts": {"path":"C:\\develop\\golf_scoring\\src\\shared\\components\\useIsAdmin.ts","statementMap":{"0":{"start":{"line":18,"column":0},"end":{"line":18,"column":16}},"1":{"start":{"line":8,"column":0},"end":{"line":8,"column":44}},"2":{"start":{"line":9,"column":0},"end":{"line":9,"column":43}},"3":{"start":{"line":12,"column":31},"end":{"line":12,"column":54}},"4":{"start":{"line":19,"column":34},"end":{"line":19,"column":49}},"5":{"start":{"line":20,"column":38},"end":{"line":20,"column":52}},"6":{"start":{"line":22,"column":4},"end":{"line":54,"column":11}},"7":{"start":{"line":23,"column":22},"end":{"line":23,"column":26}},"8":{"start":{"line":25,"column":27},"end":{"line":37,"column":9}},"9":{"start":{"line":26,"column":12},"end":{"line":36,"column":13}},"10":{"start":{"line":27,"column":46},"end":{"line":27,"column":78}},"11":{"start":{"line":28,"column":30},"end":{"line":28,"column":71}},"12":{"start":{"line":29,"column":16},"end":{"line":31,"column":17}},"13":{"start":{"line":30,"column":20},"end":{"line":30,"column":61}},"14":{"start":{"line":33,"column":16},"end":{"line":33,"column":47}},"15":{"start":{"line":33,"column":29},"end":{"line":33,"column":47}},"16":{"start":{"line":35,"column":16},"end":{"line":35,"column":49}},"17":{"start":{"line":35,"column":29},"end":{"line":35,"column":49}},"18":{"start":{"line":39,"column":8},"end":{"line":39,"column":21}},"19":{"start":{"line":42,"column":43},"end":{"line":48,"column":10}},"20":{"start":{"line":43,"column":26},"end":{"line":43,"column":67}},"21":{"start":{"line":44,"column":12},"end":{"line":47,"column":13}},"22":{"start":{"line":45,"column":16},"end":{"line":45,"column":57}},"23":{"start":{"line":46,"column":16},"end":{"line":46,"column":36}},"24":{"start":{"line":50,"column":8},"end":{"line":53,"column":10}},"25":{"start":{"line":51,"column":12},"end":{"line":51,"column":28}},"26":{"start":{"line":52,"column":12},"end":{"line":52,"column":39}},"27":{"start":{"line":56,"column":4},"end":{"line":56,"column":34}}},"fnMap":{"0":{"name":"useIsAdmin","decl":{"start":{"line":18,"column":16},"end":{"line":18,"column":26}},"loc":{"start":{"line":18,"column":26},"end":{"line":57,"column":1}}},"1":{"name":"(anonymous_1)","decl":{"start":{"line":22,"column":14},"end":{"line":22,"column":17}},"loc":{"start":{"line":22,"column":19},"end":{"line":54,"column":5}}},"2":{"name":"(anonymous_2)","decl":{"start":{"line":25,"column":27},"end":{"line":25,"column":32}},"loc":{"start":{"line":25,"column":38},"end":{"line":37,"column":9}}},"3":{"name":"(anonymous_3)","decl":{"start":{"line":42,"column":75},"end":{"line":42,"column":76}},"loc":{"start":{"line":42,"column":95},"end":{"line":48,"column":9}}},"4":{"name":"(anonymous_4)","decl":{"start":{"line":50,"column":15},"end":{"line":50,"column":18}},"loc":{"start":{"line":50,"column":20},"end":{"line":53,"column":9}}}},"branchMap":{"0":{"loc":{"start":{"line":28,"column":30},"end":{"line":28,"column":71}},"type":"binary-expr","locations":[{"start":{"line":28,"column":30},"end":{"line":28,"column":65}},{"start":{"line":28,"column":69},"end":{"line":28,"column":71}}]},"1":{"loc":{"start":{"line":29,"column":16},"end":{"line":31,"column":17}},"type":"if","locations":[{"start":{"line":29,"column":16},"end":{"line":31,"column":17}}]},"2":{"loc":{"start":{"line":33,"column":16},"end":{"line":33,"column":47}},"type":"if","locations":[{"start":{"line":33,"column":16},"end":{"line":33,"column":47}}]},"3":{"loc":{"start":{"line":35,"column":16},"end":{"line":35,"column":49}},"type":"if","locations":[{"start":{"line":35,"column":16},"end":{"line":35,"column":49}}]},"4":{"loc":{"start":{"line":43,"column":26},"end":{"line":43,"column":67}},"type":"binary-expr","locations":[{"start":{"line":43,"column":26},"end":{"line":43,"column":61}},{"start":{"line":43,"column":65},"end":{"line":43,"column":67}}]},"5":{"loc":{"start":{"line":44,"column":12},"end":{"line":47,"column":13}},"type":"if","locations":[{"start":{"line":44,"column":12},"end":{"line":47,"column":13}}]}},"s":{"0":0,"1":0,"2":0,"3":0,"4":0,"5":0,"6":0,"7":0,"8":0,"9":0,"10":0,"11":0,"12":0,"13":0,"14":0,"15":0,"16":0,"17":0,"18":0,"19":0,"20":0,"21":0,"22":0,"23":0,"24":0,"25":0,"26":0,"27":0},"f":{"0":0,"1":0,"2":0,"3":0,"4":0},"b":{"0":[0,0],"1":[0],"2":[0],"3":[0],"4":[0,0],"5":[0]}}
,"C:\\develop\\golf_scoring\\src\\shared\\constants\\Colors.ts": {"path":"C:\\develop\\golf_scoring\\src\\shared\\constants\\Colors.ts","statementMap":{"0":{"start":{"line":1,"column":23},"end":{"line":1,"column":32}},"1":{"start":{"line":2,"column":22},"end":{"line":2,"column":28}},"2":{"start":{"line":4,"column":0},"end":{"line":19,"column":2}}},"fnMap":{},"branchMap":{},"s":{"0":0,"1":0,"2":0},"f":{},"b":{}}
,"C:\\develop\\golf_scoring\\src\\shared\\lib\\async-lock.ts": {"path":"C:\\develop\\golf_scoring\\src\\shared\\lib\\async-lock.ts","statementMap":{"0":{"start":{"line":8,"column":37},"end":{"line":8,"column":54}},"1":{"start":{"line":17,"column":31},"end":{"line":17,"column":43}},"2":{"start":{"line":20,"column":28},"end":{"line":22,"column":10}},"3":{"start":{"line":21,"column":12},"end":{"line":21,"column":30}},"4":{"start":{"line":25,"column":8},"end":{"line":25,"column":35}},"5":{"start":{"line":27,"column":8},"end":{"line":35,"column":9}},"6":{"start":{"line":29,"column":12},"end":{"line":29,"column":33}},"7":{"start":{"line":31,"column":12},"end":{"line":31,"column":32}},"8":{"start":{"line":34,"column":12},"end":{"line":34,"column":23}},"9":{"start":{"line":7,"column":0},"end":{"line":7,"column":13}}},"fnMap":{"0":{"name":"(anonymous_0)","decl":{"start":{"line":15,"column":4},"end":{"line":15,"column":9}},"loc":{"start":{"line":15,"column":39},"end":{"line":36,"column":5}}},"1":{"name":"(anonymous_1)","decl":{"start":{"line":20,"column":46},"end":{"line":20,"column":47}},"loc":{"start":{"line":20,"column":58},"end":{"line":22,"column":9}}}},"branchMap":{},"s":{"0":0,"1":0,"2":0,"3":0,"4":0,"5":0,"6":0,"7":0,"8":0,"9":0},"f":{"0":0,"1":0},"b":{}}
,"C:\\develop\\golf_scoring\\src\\shared\\lib\\supabase.ts": {"path":"C:\\develop\\golf_scoring\\src\\shared\\lib\\supabase.ts","statementMap":{"0":{"start":{"line":1,"column":0},"end":{"line":1,"column":69}},"1":{"start":{"line":2,"column":0},"end":{"line":2,"column":53}},"2":{"start":{"line":4,"column":20},"end":{"line":4,"column":56}},"3":{"start":{"line":5,"column":24},"end":{"line":5,"column":65}},"4":{"start":{"line":7,"column":0},"end":{"line":9,"column":1}},"5":{"start":{"line":8,"column":4},"end":{"line":8,"column":96}},"6":{"start":{"line":14,"column":18},"end":{"line":14,"column":47}},"7":{"start":{"line":16,"column":23},"end":{"line":20,"column":2}},"8":{"start":{"line":17,"column":46},"end":{"line":17,"column":50}},"9":{"start":{"line":18,"column":53},"end":{"line":18,"column":62}},"10":{"start":{"line":19,"column":40},"end":{"line":19,"column":49}},"11":{"start":{"line":22,"column":13},"end":{"line":33,"column":2}}},"fnMap":{"0":{"name":"(anonymous_1)","decl":{"start":{"line":17,"column":13},"end":{"line":17,"column":14}},"loc":{"start":{"line":17,"column":46},"end":{"line":17,"column":50}}},"1":{"name":"(anonymous_2)","decl":{"start":{"line":18,"column":13},"end":{"line":18,"column":14}},"loc":{"start":{"line":18,"column":53},"end":{"line":18,"column":62}}},"2":{"name":"(anonymous_3)","decl":{"start":{"line":19,"column":16},"end":{"line":19,"column":17}},"loc":{"start":{"line":19,"column":40},"end":{"line":19,"column":49}}}},"branchMap":{"0":{"loc":{"start":{"line":7,"column":0},"end":{"line":9,"column":1}},"type":"if","locations":[{"start":{"line":7,"column":0},"end":{"line":9,"column":1}}]},"1":{"loc":{"start":{"line":7,"column":4},"end":{"line":7,"column":36}},"type":"binary-expr","locations":[{"start":{"line":7,"column":4},"end":{"line":7,"column":16}},{"start":{"line":7,"column":20},"end":{"line":7,"column":36}}]},"2":{"loc":{"start":{"line":23,"column":4},"end":{"line":23,"column":52}},"type":"binary-expr","locations":[{"start":{"line":23,"column":4},"end":{"line":23,"column":15}},{"start":{"line":23,"column":19},"end":{"line":23,"column":52}}]},"3":{"loc":{"start":{"line":24,"column":4},"end":{"line":24,"column":36}},"type":"binary-expr","locations":[{"start":{"line":24,"column":4},"end":{"line":24,"column":19}},{"start":{"line":24,"column":23},"end":{"line":24,"column":36}}]},"4":{"loc":{"start":{"line":27,"column":21},"end":{"line":27,"column":62}},"type":"cond-expr","locations":[{"start":{"line":27,"column":33},"end":{"line":27,"column":45}},{"start":{"line":27,"column":48},"end":{"line":27,"column":62}}]}},"s":{"0":0,"1":0,"2":0,"3":0,"4":0,"5":0,"6":0,"7":0,"8":0,"9":0,"10":0,"11":0},"f":{"0":0,"1":0,"2":0},"b":{"0":[0],"1":[0,0],"2":[0,0],"3":[0,0],"4":[0,0]}}
,"C:\\develop\\golf_scoring\\src\\shared\\utils\\logger.ts": {"path":"C:\\develop\\golf_scoring\\src\\shared\\utils\\logger.ts","statementMap":{"0":{"start":{"line":1,"column":19},"end":{"line":1,"column":30}},"1":{"start":{"line":3,"column":13},"end":{"line":21,"column":2}},"2":{"start":{"line":5,"column":4},"end":{"line":7,"column":5}},"3":{"start":{"line":6,"column":6},"end":{"line":6,"column":77}},"4":{"start":{"line":10,"column":4},"end":{"line":10,"column":74}},"5":{"start":{"line":13,"column":4},"end":{"line":13,"column":74}},"6":{"start":{"line":16,"column":4},"end":{"line":16,"column":75}},"7":{"start":{"line":19,"column":4},"end":{"line":19,"column":74}}},"fnMap":{"0":{"name":"(anonymous_0)","decl":{"start":{"line":4,"column":9},"end":{"line":4,"column":10}},"loc":{"start":{"line":4,"column":49},"end":{"line":8,"column":3}}},"1":{"name":"(anonymous_1)","decl":{"start":{"line":9,"column":8},"end":{"line":9,"column":9}},"loc":{"start":{"line":9,"column":48},"end":{"line":11,"column":3}}},"2":{"name":"(anonymous_2)","decl":{"start":{"line":12,"column":8},"end":{"line":12,"column":9}},"loc":{"start":{"line":12,"column":48},"end":{"line":14,"column":3}}},"3":{"name":"(anonymous_3)","decl":{"start":{"line":15,"column":9},"end":{"line":15,"column":10}},"loc":{"start":{"line":15,"column":49},"end":{"line":17,"column":3}}},"4":{"name":"(anonymous_4)","decl":{"start":{"line":18,"column":8},"end":{"line":18,"column":9}},"loc":{"start":{"line":18,"column":48},"end":{"line":20,"column":3}}}},"branchMap":{"0":{"loc":{"start":{"line":5,"column":4},"end":{"line":7,"column":5}},"type":"if","locations":[{"start":{"line":5,"column":4},"end":{"line":7,"column":5}}]}},"s":{"0":0,"1":0,"2":0,"3":0,"4":0,"5":0,"6":0,"7":0},"f":{"0":0,"1":0,"2":0,"3":0,"4":0},"b":{"0":[0]}}
}
