TN:
SF:src\modules\golf\golf.constants.ts
FNF:0
FNH:0
DA:1,0
DA:9,0
DA:17,0
DA:24,0
LF:4
LH:0
BRF:0
BRH:0
end_of_record
TN:
SF:src\modules\golf\golf.data.ts
FNF:0
FNH:0
DA:13,0
LF:1
LH:0
BRF:0
BRH:0
end_of_record
TN:
SF:src\modules\golf\golf.repository.ts
FN:72,getStorageKey
FN:75,(anonymous_2)
FN:85,(anonymous_3)
FN:90,(anonymous_4)
FN:91,(anonymous_5)
FN:105,(anonymous_6)
FN:106,(anonymous_7)
FN:121,(anonymous_8)
FN:132,(anonymous_9)
FN:143,(anonymous_10)
FN:144,(anonymous_11)
FN:155,(anonymous_12)
FN:173,(anonymous_13)
FN:174,(anonymous_14)
FN:181,(anonymous_15)
FN:189,(anonymous_16)
FN:196,(anonymous_17)
FN:197,(anonymous_18)
FN:219,(anonymous_19)
FN:241,(anonymous_20)
FN:241,(anonymous_21)
FN:272,(anonymous_22)
FN:285,(anonymous_23)
FN:290,(anonymous_24)
FN:297,(anonymous_25)
FN:309,(anonymous_26)
FN:325,(anonymous_27)
FN:337,(anonymous_28)
FN:349,(anonymous_29)
FN:364,(anonymous_30)
FN:366,(anonymous_31)
FN:369,(anonymous_32)
FN:370,(anonymous_33)
FN:375,(anonymous_34)
FN:376,(anonymous_35)
FN:382,(anonymous_36)
FN:407,(anonymous_37)
FN:428,(anonymous_38)
FN:433,(anonymous_39)
FN:441,(anonymous_40)
FN:471,(anonymous_41)
FN:472,(anonymous_42)
FN:478,(anonymous_43)
FN:493,(anonymous_44)
FN:506,(anonymous_45)
FN:508,(anonymous_46)
FN:537,(anonymous_47)
FN:554,(anonymous_48)
FN:556,(anonymous_49)
FN:587,(anonymous_50)
FN:621,(anonymous_51)
FN:628,(anonymous_52)
FN:629,(anonymous_53)
FN:635,(anonymous_54)
FNF:54
FNH:0
FNDA:0,getStorageKey
FNDA:0,(anonymous_2)
FNDA:0,(anonymous_3)
FNDA:0,(anonymous_4)
FNDA:0,(anonymous_5)
FNDA:0,(anonymous_6)
FNDA:0,(anonymous_7)
FNDA:0,(anonymous_8)
FNDA:0,(anonymous_9)
FNDA:0,(anonymous_10)
FNDA:0,(anonymous_11)
FNDA:0,(anonymous_12)
FNDA:0,(anonymous_13)
FNDA:0,(anonymous_14)
FNDA:0,(anonymous_15)
FNDA:0,(anonymous_16)
FNDA:0,(anonymous_17)
FNDA:0,(anonymous_18)
FNDA:0,(anonymous_19)
FNDA:0,(anonymous_20)
FNDA:0,(anonymous_21)
FNDA:0,(anonymous_22)
FNDA:0,(anonymous_23)
FNDA:0,(anonymous_24)
FNDA:0,(anonymous_25)
FNDA:0,(anonymous_26)
FNDA:0,(anonymous_27)
FNDA:0,(anonymous_28)
FNDA:0,(anonymous_29)
FNDA:0,(anonymous_30)
FNDA:0,(anonymous_31)
FNDA:0,(anonymous_32)
FNDA:0,(anonymous_33)
FNDA:0,(anonymous_34)
FNDA:0,(anonymous_35)
FNDA:0,(anonymous_36)
FNDA:0,(anonymous_37)
FNDA:0,(anonymous_38)
FNDA:0,(anonymous_39)
FNDA:0,(anonymous_40)
FNDA:0,(anonymous_41)
FNDA:0,(anonymous_42)
FNDA:0,(anonymous_43)
FNDA:0,(anonymous_44)
FNDA:0,(anonymous_45)
FNDA:0,(anonymous_46)
FNDA:0,(anonymous_47)
FNDA:0,(anonymous_48)
FNDA:0,(anonymous_49)
FNDA:0,(anonymous_50)
FNDA:0,(anonymous_51)
FNDA:0,(anonymous_52)
FNDA:0,(anonymous_53)
FNDA:0,(anonymous_54)
DA:1,0
DA:2,0
DA:3,0
DA:4,0
DA:6,0
DA:8,0
DA:9,0
DA:10,0
DA:11,0
DA:70,0
DA:73,0
DA:75,0
DA:76,0
DA:77,0
DA:79,0
DA:82,0
DA:85,0
DA:86,0
DA:89,0
DA:91,0
DA:92,0
DA:93,0
DA:94,0
DA:95,0
DA:96,0
DA:97,0
DA:99,0
DA:100,0
DA:106,0
DA:107,0
DA:108,0
DA:109,0
DA:111,0
DA:117,0
DA:118,0
DA:120,0
DA:121,0
DA:123,0
DA:128,0
DA:130,0
DA:132,0
DA:143,0
DA:144,0
DA:155,0
DA:158,0
DA:159,0
DA:160,0
DA:161,0
DA:163,0
DA:164,0
DA:165,0
DA:167,0
DA:168,0
DA:174,0
DA:175,0
DA:176,0
DA:177,0
DA:178,0
DA:179,0
DA:180,0
DA:181,0
DA:182,0
DA:184,0
DA:191,0
DA:192,0
DA:194,0
DA:196,0
DA:197,0
DA:198,0
DA:199,0
DA:201,0
DA:216,0
DA:218,0
DA:219,0
DA:232,0
DA:236,0
DA:240,0
DA:241,0
DA:243,0
DA:244,0
DA:245,0
DA:246,0
DA:247,0
DA:248,0
DA:250,0
DA:251,0
DA:253,0
DA:254,0
DA:256,0
DA:257,0
DA:258,0
DA:259,0
DA:260,0
DA:263,0
DA:264,0
DA:265,0
DA:268,0
DA:273,0
DA:274,0
DA:275,0
DA:276,0
DA:277,0
DA:278,0
DA:281,0
DA:286,0
DA:287,0
DA:288,0
DA:289,0
DA:290,0
DA:291,0
DA:293,0
DA:298,0
DA:299,0
DA:300,0
DA:302,0
DA:303,0
DA:305,0
DA:306,0
DA:308,0
DA:309,0
DA:310,0
DA:311,0
DA:312,0
DA:315,0
DA:318,0
DA:320,0
DA:321,0
DA:326,0
DA:327,0
DA:328,0
DA:329,0
DA:330,0
DA:332,0
DA:333,0
DA:338,0
DA:339,0
DA:340,0
DA:341,0
DA:342,0
DA:344,0
DA:345,0
DA:350,0
DA:351,0
DA:352,0
DA:353,0
DA:354,0
DA:355,0
DA:357,0
DA:360,0
DA:365,0
DA:366,0
DA:368,0
DA:369,0
DA:370,0
DA:372,0
DA:376,0
DA:377,0
DA:378,0
DA:379,0
DA:380,0
DA:381,0
DA:382,0
DA:383,0
DA:385,0
DA:386,0
DA:387,0
DA:390,0
DA:393,0
DA:395,0
DA:396,0
DA:399,0
DA:400,0
DA:406,0
DA:408,0
DA:422,0
DA:423,0
DA:424,0
DA:427,0
DA:428,0
DA:433,0
DA:442,0
DA:464,0
DA:465,0
DA:466,0
DA:469,0
DA:470,0
DA:471,0
DA:472,0
DA:478,0
DA:484,0
DA:505,0
DA:506,0
DA:507,0
DA:508,0
DA:509,0
DA:510,0
DA:513,0
DA:514,0
DA:519,0
DA:521,0
DA:523,0
DA:524,0
DA:533,0
DA:535,0
DA:537,0
DA:543,0
DA:547,0
DA:549,0
DA:551,0
DA:552,0
DA:553,0
DA:554,0
DA:555,0
DA:556,0
DA:557,0
DA:567,0
DA:568,0
DA:572,0
DA:576,0
DA:577,0
DA:580,0
DA:581,0
DA:582,0
DA:588,0
DA:615,0
DA:616,0
DA:617,0
DA:620,0
DA:621,0
DA:622,0
DA:628,0
DA:629,0
DA:635,0
DA:643,0
LF:234
LH:0
BRDA:73,0,0,0
BRDA:76,1,0,0
BRDA:94,2,0,0
BRDA:96,3,0,0
BRDA:96,3,1,0
BRDA:108,4,0,0
BRDA:108,4,1,0
BRDA:109,5,0,0
BRDA:117,6,0,0
BRDA:118,7,0,0
BRDA:118,8,0,0
BRDA:118,8,1,0
BRDA:128,9,0,0
BRDA:130,10,0,0
BRDA:130,10,1,0
BRDA:140,11,0,0
BRDA:140,11,1,0
BRDA:141,12,0,0
BRDA:141,12,1,0
BRDA:159,13,0,0
BRDA:161,14,0,0
BRDA:161,14,1,0
BRDA:178,15,0,0
BRDA:180,16,0,0
BRDA:180,16,1,0
BRDA:189,17,0,0
BRDA:191,18,0,0
BRDA:199,19,0,0
BRDA:213,20,0,0
BRDA:213,20,1,0
BRDA:216,21,0,0
BRDA:218,22,0,0
BRDA:236,23,0,0
BRDA:251,24,0,0
BRDA:251,24,1,0
BRDA:253,25,0,0
BRDA:253,25,1,0
BRDA:253,26,0,0
BRDA:253,26,1,0
BRDA:253,26,2,0
BRDA:254,27,0,0
BRDA:254,27,1,0
BRDA:254,27,2,0
BRDA:256,28,0,0
BRDA:256,29,0,0
BRDA:256,29,1,0
BRDA:275,30,0,0
BRDA:275,30,1,0
BRDA:276,31,0,0
BRDA:288,32,0,0
BRDA:300,33,0,0
BRDA:303,34,0,0
BRDA:310,35,0,0
BRDA:310,35,1,0
BRDA:312,36,0,0
BRDA:328,37,0,0
BRDA:340,38,0,0
BRDA:352,39,0,0
BRDA:354,40,0,0
BRDA:354,40,1,0
BRDA:369,41,0,0
BRDA:369,41,1,0
BRDA:379,42,0,0
BRDA:381,43,0,0
BRDA:381,43,1,0
BRDA:386,44,0,0
BRDA:396,45,0,0
BRDA:422,46,0,0
BRDA:427,47,0,0
BRDA:427,47,1,0
BRDA:432,48,0,0
BRDA:432,48,1,0
BRDA:433,49,0,0
BRDA:433,49,1,0
BRDA:464,50,0,0
BRDA:464,51,0,0
BRDA:464,51,1,0
BRDA:470,52,0,0
BRDA:470,52,1,0
BRDA:478,53,0,0
BRDA:478,53,1,0
BRDA:506,54,0,0
BRDA:506,54,1,0
BRDA:507,55,0,0
BRDA:521,56,0,0
BRDA:521,57,0,0
BRDA:521,57,1,0
BRDA:521,58,0,0
BRDA:521,58,1,0
BRDA:535,59,0,0
BRDA:535,60,0,0
BRDA:535,60,1,0
BRDA:535,61,0,0
BRDA:535,61,1,0
BRDA:549,62,0,0
BRDA:549,63,0,0
BRDA:549,63,1,0
BRDA:549,64,0,0
BRDA:549,64,1,0
BRDA:553,65,0,0
BRDA:553,66,0,0
BRDA:553,66,1,0
BRDA:555,67,0,0
BRDA:567,68,0,0
BRDA:572,69,0,0
BRDA:580,70,0,0
BRDA:580,70,1,0
BRDA:615,71,0,0
BRDA:615,72,0,0
BRDA:615,72,1,0
BRDA:621,73,0,0
BRDA:621,73,1,0
BRDA:627,74,0,0
BRDA:627,74,1,0
BRDA:635,75,0,0
BRDA:635,75,1,0
BRF:116
BRH:0
end_of_record
TN:
SF:src\modules\golf\golf.service.ts
FN:12,(anonymous_0)
FN:13,(anonymous_1)
FN:56,(anonymous_2)
FN:64,(anonymous_3)
FN:65,(anonymous_4)
FN:111,(anonymous_5)
FN:118,(anonymous_6)
FN:121,(anonymous_7)
FN:132,(anonymous_8)
FN:143,(anonymous_9)
FN:144,(anonymous_10)
FN:164,(anonymous_11)
FN:166,(anonymous_12)
FN:167,(anonymous_13)
FN:174,(anonymous_14)
FN:176,(anonymous_15)
FN:178,(anonymous_16)
FN:197,(anonymous_17)
FN:201,(anonymous_18)
FN:206,(anonymous_19)
FN:216,(anonymous_20)
FN:219,(anonymous_21)
FN:228,(anonymous_22)
FN:234,(anonymous_23)
FN:250,(anonymous_24)
FN:259,(anonymous_25)
FN:281,(anonymous_26)
FN:283,(anonymous_27)
FN:284,(anonymous_28)
FN:297,(anonymous_29)
FNF:30
FNH:0
FNDA:0,(anonymous_0)
FNDA:0,(anonymous_1)
FNDA:0,(anonymous_2)
FNDA:0,(anonymous_3)
FNDA:0,(anonymous_4)
FNDA:0,(anonymous_5)
FNDA:0,(anonymous_6)
FNDA:0,(anonymous_7)
FNDA:0,(anonymous_8)
FNDA:0,(anonymous_9)
FNDA:0,(anonymous_10)
FNDA:0,(anonymous_11)
FNDA:0,(anonymous_12)
FNDA:0,(anonymous_13)
FNDA:0,(anonymous_14)
FNDA:0,(anonymous_15)
FNDA:0,(anonymous_16)
FNDA:0,(anonymous_17)
FNDA:0,(anonymous_18)
FNDA:0,(anonymous_19)
FNDA:0,(anonymous_20)
FNDA:0,(anonymous_21)
FNDA:0,(anonymous_22)
FNDA:0,(anonymous_23)
FNDA:0,(anonymous_24)
FNDA:0,(anonymous_25)
FNDA:0,(anonymous_26)
FNDA:0,(anonymous_27)
FNDA:0,(anonymous_28)
FNDA:0,(anonymous_29)
DA:8,0
DA:13,0
DA:15,0
DA:39,0
DA:50,0
DA:52,0
DA:53,0
DA:54,0
DA:56,0
DA:57,0
DA:58,0
DA:59,0
DA:60,0
DA:61,0
DA:63,0
DA:64,0
DA:65,0
DA:66,0
DA:68,0
DA:69,0
DA:72,0
DA:73,0
DA:74,0
DA:77,0
DA:78,0
DA:85,0
DA:88,0
DA:89,0
DA:90,0
DA:94,0
DA:95,0
DA:96,0
DA:97,0
DA:98,0
DA:99,0
DA:102,0
DA:103,0
DA:105,0
DA:112,0
DA:119,0
DA:121,0
DA:123,0
DA:125,0
DA:126,0
DA:127,0
DA:128,0
DA:131,0
DA:132,0
DA:133,0
DA:137,0
DA:144,0
DA:146,0
DA:148,0
DA:149,0
DA:165,0
DA:166,0
DA:167,0
DA:175,0
DA:176,0
DA:178,0
DA:179,0
DA:180,0
DA:181,0
DA:182,0
DA:183,0
DA:184,0
DA:185,0
DA:186,0
DA:191,0
DA:198,0
DA:200,0
DA:201,0
DA:202,0
DA:205,0
DA:206,0
DA:207,0
DA:210,0
DA:217,0
DA:219,0
DA:220,0
DA:223,0
DA:224,0
DA:228,0
DA:229,0
DA:230,0
DA:234,0
DA:235,0
DA:236,0
DA:241,0
DA:251,0
DA:252,0
DA:254,0
DA:255,0
DA:256,0
DA:259,0
DA:260,0
DA:261,0
DA:262,0
DA:264,0
DA:265,0
DA:267,0
DA:268,0
DA:272,0
DA:282,0
DA:283,0
DA:285,0
DA:286,0
DA:297,0
LF:108
LH:0
BRDA:50,0,0,0
BRDA:60,1,0,0
BRDA:60,1,1,0
BRDA:61,2,0,0
BRDA:61,2,1,0
BRDA:63,3,0,0
BRDA:63,4,0,0
BRDA:63,4,1,0
BRDA:66,5,0,0
BRDA:66,5,1,0
BRDA:68,6,0,0
BRDA:72,7,0,0
BRDA:72,7,1,0
BRDA:73,8,0,0
BRDA:77,9,0,0
BRDA:85,10,0,0
BRDA:88,11,0,0
BRDA:90,12,0,0
BRDA:95,13,0,0
BRDA:95,13,1,0
BRDA:96,14,0,0
BRDA:96,14,1,0
BRDA:97,15,0,0
BRDA:97,15,1,0
BRDA:98,16,0,0
BRDA:98,16,1,0
BRDA:99,17,0,0
BRDA:103,18,0,0
BRDA:103,18,1,0
BRDA:119,19,0,0
BRDA:119,19,1,0
BRDA:119,20,0,0
BRDA:119,20,1,0
BRDA:125,21,0,0
BRDA:125,21,1,0
BRDA:126,22,0,0
BRDA:127,23,0,0
BRDA:127,23,1,0
BRDA:131,24,0,0
BRDA:133,25,0,0
BRDA:133,25,1,0
BRDA:137,26,0,0
BRDA:137,26,1,0
BRDA:146,27,0,0
BRDA:146,28,0,0
BRDA:146,28,1,0
BRDA:148,29,0,0
BRDA:148,29,1,0
BRDA:180,30,0,0
BRDA:180,30,1,0
BRDA:182,31,0,0
BRDA:182,31,1,0
BRDA:182,32,0,0
BRDA:182,32,1,0
BRDA:184,33,0,0
BRDA:184,34,0,0
BRDA:184,34,1,0
BRDA:185,35,0,0
BRDA:198,36,0,0
BRDA:198,37,0,0
BRDA:198,37,1,0
BRDA:200,38,0,0
BRDA:202,39,0,0
BRDA:205,40,0,0
BRDA:207,41,0,0
BRDA:223,42,0,0
BRDA:229,43,0,0
BRDA:229,44,0,0
BRDA:229,44,1,0
BRDA:235,45,0,0
BRDA:235,46,0,0
BRDA:235,46,1,0
BRDA:254,47,0,0
BRDA:261,48,0,0
BRDA:264,49,0,0
BRDA:267,50,0,0
BRDA:267,51,0,0
BRDA:267,51,1,0
BRDA:289,52,0,0
BRDA:289,52,1,0
BRF:80
BRH:0
end_of_record
TN:
SF:src\modules\golf\components\Dashboard\EmptyState.tsx
FN:8,EmptyState
FNF:1
FNH:0
FNDA:0,EmptyState
DA:1,0
DA:2,0
DA:8,0
DA:9,0
DA:27,0
LF:5
LH:0
BRF:0
BRH:0
end_of_record
TN:
SF:src\modules\golf\components\Dashboard\LeaderboardCard.tsx
FN:17,LeaderboardCard
FNF:1
FNH:0
FNDA:0,LeaderboardCard
DA:1,0
DA:2,0
DA:17,0
DA:28,0
DA:100,0
LF:5
LH:0
BRDA:36,0,0,0
BRDA:36,0,1,0
BRDA:57,1,0,0
BRDA:57,1,1,0
BRDA:57,2,0,0
BRDA:57,2,1,0
BRDA:61,3,0,0
BRDA:61,3,1,0
BRDA:61,4,0,0
BRDA:61,4,1,0
BRDA:68,5,0,0
BRDA:68,5,1,0
BRDA:70,6,0,0
BRDA:70,6,1,0
BRDA:74,7,0,0
BRDA:74,7,1,0
BRDA:93,8,0,0
BRDA:93,8,1,0
BRF:18
BRH:0
end_of_record
TN:
SF:src\modules\golf\components\Dashboard\PatternHeatmap.tsx
FN:14,(anonymous_9)
FN:18,(anonymous_10)
FN:29,(anonymous_11)
FN:35,(anonymous_12)
FN:45,(anonymous_13)
FN:46,(anonymous_14)
FN:59,(anonymous_15)
FN:75,(anonymous_16)
FN:78,(anonymous_17)
FN:101,(anonymous_18)
FNF:10
FNH:0
FNDA:0,(anonymous_9)
FNDA:0,(anonymous_10)
FNDA:0,(anonymous_11)
FNDA:0,(anonymous_12)
FNDA:0,(anonymous_13)
FNDA:0,(anonymous_14)
FNDA:0,(anonymous_15)
FNDA:0,(anonymous_16)
FNDA:0,(anonymous_17)
FNDA:0,(anonymous_18)
DA:1,0
DA:2,0
DA:3,0
DA:6,0
DA:14,0
DA:15,0
DA:18,0
DA:19,0
DA:28,0
DA:29,0
DA:31,0
DA:35,0
DA:36,0
DA:37,0
DA:38,0
DA:44,0
DA:45,0
DA:46,0
DA:48,0
DA:51,0
DA:52,0
DA:59,0
DA:61,0
DA:76,0
DA:78,0
DA:102,0
DA:104,0
DA:105,0
DA:107,0
DA:144,0
LF:30
LH:0
BRDA:31,0,0,0
BRDA:31,0,1,0
BRDA:32,1,0,0
BRDA:32,1,1,0
BRDA:35,2,0,0
BRDA:35,2,1,0
BRDA:36,3,0,0
BRDA:51,4,0,0
BRDA:51,5,0,0
BRDA:51,5,1,0
BRDA:59,6,0,0
BRDA:59,6,1,0
BRDA:81,7,0,0
BRDA:81,7,1,0
BRDA:87,8,0,0
BRDA:87,8,1,0
BRDA:89,9,0,0
BRDA:89,9,1,0
BRDA:89,10,0,0
BRDA:89,10,1,0
BRDA:96,11,0,0
BRDA:96,11,1,0
BRDA:102,12,0,0
BRDA:105,13,0,0
BRDA:105,13,1,0
BRDA:105,14,0,0
BRDA:105,14,1,0
BRDA:132,15,0,0
BRDA:132,15,1,0
BRDA:135,16,0,0
BRDA:135,16,1,0
BRDA:135,17,0,0
BRDA:135,17,1,0
BRF:33
BRH:0
end_of_record
TN:
SF:src\modules\golf\components\Dashboard\StatGrid.tsx
FN:11,StatGrid
FNF:1
FNH:0
FNDA:0,StatGrid
DA:1,0
DA:2,0
DA:3,0
DA:11,0
DA:12,0
DA:38,0
LF:6
LH:0
BRDA:22,0,0,0
BRDA:22,0,1,0
BRDA:23,1,0,0
BRDA:23,1,1,0
BRDA:27,2,0,0
BRDA:27,2,1,0
BRDA:28,3,0,0
BRDA:28,3,1,0
BRDA:29,4,0,0
BRDA:29,4,1,0
BRDA:31,5,0,0
BRDA:31,5,1,0
BRDA:32,6,0,0
BRDA:32,6,1,0
BRDA:33,7,0,0
BRDA:33,7,1,0
BRF:16
BRH:0
end_of_record
TN:
SF:src\modules\golf\components\Dashboard\StatItem.tsx
FN:11,StatItem
FNF:1
FNH:0
FNDA:0,StatItem
DA:2,0
DA:11,0
DA:12,0
DA:25,0
LF:4
LH:0
BRDA:14,0,0,0
BRDA:14,0,1,0
BRF:2
BRH:0
end_of_record
TN:
SF:src\modules\golf\components\Dashboard\TrendChart.tsx
FN:19,(anonymous_9)
FN:28,(anonymous_10)
FN:34,(anonymous_11)
FN:47,(anonymous_12)
FN:52,(anonymous_13)
FN:81,(anonymous_14)
FNF:6
FNH:0
FNDA:0,(anonymous_9)
FNDA:0,(anonymous_10)
FNDA:0,(anonymous_11)
FNDA:0,(anonymous_12)
FNDA:0,(anonymous_13)
FNDA:0,(anonymous_14)
DA:7,0
DA:8,0
DA:11,0
DA:12,0
DA:13,0
DA:19,0
DA:20,0
DA:21,0
DA:28,0
DA:29,0
DA:30,0
DA:31,0
DA:34,0
DA:35,0
DA:36,0
DA:37,0
DA:40,0
DA:47,0
DA:53,0
DA:54,0
DA:55,0
DA:56,0
DA:57,0
DA:58,0
DA:60,0
DA:82,0
DA:93,0
LF:27
LH:0
BRDA:20,0,0,0
BRDA:20,1,0,0
BRDA:20,1,1,0
BRDA:31,2,0,0
BRDA:31,2,1,0
BRDA:53,3,0,0
BRF:6
BRH:0
end_of_record
TN:
SF:src\modules\golf\components\Dashboard\index.ts
FNF:0
FNH:0
DA:1,0
DA:2,0
DA:3,0
DA:4,0
DA:5,0
DA:6,0
LF:6
LH:0
BRF:0
BRH:0
end_of_record
TN:
SF:src\modules\golf\components\Record\CourseHeader.tsx
FN:12,(anonymous_0)
FNF:1
FNH:0
FNDA:0,(anonymous_0)
DA:1,0
DA:3,0
DA:12,0
DA:18,0
DA:35,0
LF:5
LH:0
BRDA:25,0,0,0
BRDA:25,0,1,0
BRDA:28,1,0,0
BRDA:28,1,1,0
BRF:4
BRH:0
end_of_record
TN:
SF:src\modules\golf\components\Record\CourseSelector.tsx
FN:19,CourseSelector
FN:48,(anonymous_1)
FN:49,(anonymous_2)
FN:54,(anonymous_3)
FN:55,(anonymous_4)
FN:55,(anonymous_5)
FN:59,(anonymous_6)
FN:60,(anonymous_7)
FN:60,(anonymous_8)
FN:64,(anonymous_9)
FN:65,(anonymous_10)
FN:72,(anonymous_11)
FNF:12
FNH:0
FNDA:0,CourseSelector
FNDA:0,(anonymous_1)
FNDA:0,(anonymous_2)
FNDA:0,(anonymous_3)
FNDA:0,(anonymous_4)
FNDA:0,(anonymous_5)
FNDA:0,(anonymous_6)
FNDA:0,(anonymous_7)
FNDA:0,(anonymous_8)
FNDA:0,(anonymous_9)
FNDA:0,(anonymous_10)
FNDA:0,(anonymous_11)
DA:1,0
DA:2,0
DA:19,0
DA:28,0
DA:49,0
DA:55,0
DA:60,0
DA:65,0
DA:72,0
DA:82,0
LF:10
LH:0
BRDA:31,0,0,0
BRDA:31,0,1,0
BRDA:37,1,0,0
BRDA:37,1,1,0
BRDA:38,2,0,0
BRDA:38,2,1,0
BRDA:41,3,0,0
BRDA:41,3,1,0
BRDA:42,4,0,0
BRDA:42,4,1,0
BRDA:43,5,0,0
BRDA:43,5,1,0
BRDA:44,6,0,0
BRDA:44,6,1,0
BRDA:48,7,0,0
BRDA:48,7,1,0
BRDA:54,8,0,0
BRDA:54,8,1,0
BRDA:59,9,0,0
BRDA:59,9,1,0
BRDA:64,10,0,0
BRDA:64,10,1,0
BRDA:71,11,0,0
BRDA:71,11,1,0
BRDA:72,12,0,0
BRDA:72,12,1,0
BRDA:72,13,0,0
BRDA:72,13,1,0
BRF:28
BRH:0
end_of_record
TN:
SF:src\modules\golf\components\Record\HoleErrorBoundary.tsx
FN:26,(anonymous_0)
FN:30,(anonymous_1)
FN:37,(anonymous_2)
FN:42,(anonymous_3)
FNF:4
FNH:0
FNDA:0,(anonymous_0)
FNDA:0,(anonymous_1)
FNDA:0,(anonymous_2)
FNDA:0,(anonymous_3)
DA:1,0
DA:2,0
DA:3,0
DA:4,0
DA:21,0
DA:22,0
DA:27,0
DA:31,0
DA:37,0
DA:38,0
DA:39,0
DA:43,0
DA:44,0
DA:59,0
DA:63,0
LF:15
LH:0
BRDA:43,0,0,0
BRF:1
BRH:0
end_of_record
TN:
SF:src\modules\golf\components\Record\HoleSelectorGrid.tsx
FN:13,(anonymous_0)
FN:19,(anonymous_1)
FN:22,(anonymous_2)
FN:34,(anonymous_3)
FNF:4
FNH:0
FNDA:0,(anonymous_0)
FNDA:0,(anonymous_1)
FNDA:0,(anonymous_2)
FNDA:0,(anonymous_3)
DA:1,0
DA:2,0
DA:13,0
DA:19,0
DA:20,0
DA:21,0
DA:22,0
DA:23,0
DA:24,0
DA:26,0
DA:35,0
DA:36,0
DA:54,0
DA:57,0
DA:77,0
LF:15
LH:0
BRDA:31,0,0,0
BRDA:31,0,1,0
BRDA:32,1,0,0
BRDA:32,1,1,0
BRDA:42,2,0,0
BRDA:42,2,1,0
BRDA:43,3,0,0
BRDA:43,3,1,0
BRDA:48,4,0,0
BRDA:48,4,1,0
BRDA:48,4,2,0
BRF:11
BRH:0
end_of_record
TN:
SF:src\modules\golf\components\Record\MissShotPatternGrid.tsx
FN:12,(anonymous_0)
FN:23,(anonymous_1)
FN:35,(anonymous_2)
FNF:3
FNH:0
FNDA:0,(anonymous_0)
FNDA:0,(anonymous_1)
FNDA:0,(anonymous_2)
DA:1,0
DA:3,0
DA:10,0
DA:12,0
DA:16,0
DA:24,0
DA:28,0
DA:35,0
DA:49,0
LF:9
LH:0
BRDA:24,0,0,0
BRDA:24,0,1,0
BRDA:25,1,0,0
BRDA:25,1,1,0
BRDA:26,2,0,0
BRDA:26,2,1,0
BRDA:33,3,0,0
BRDA:33,3,1,0
BRDA:33,4,0,0
BRDA:33,4,1,0
BRDA:39,5,0,0
BRDA:39,5,1,0
BRF:12
BRH:0
end_of_record
TN:
SF:src\modules\golf\components\Record\ScoreAdjuster.tsx
FN:12,(anonymous_0)
FN:27,(anonymous_1)
FN:37,(anonymous_2)
FNF:3
FNH:0
FNDA:0,(anonymous_0)
FNDA:0,(anonymous_1)
FNDA:0,(anonymous_2)
DA:2,0
DA:12,0
DA:19,0
DA:27,0
DA:37,0
DA:46,0
LF:6
LH:0
BRDA:16,0,0,0
BRDA:17,1,0,0
BRDA:30,2,0,0
BRDA:30,2,1,0
BRF:4
BRH:0
end_of_record
TN:
SF:src\modules\golf\components\Record\index.ts
FNF:0
FNH:0
DA:1,0
DA:2,0
DA:3,0
DA:4,0
DA:5,0
LF:5
LH:0
BRF:0
BRH:0
end_of_record
TN:
SF:src\modules\golf\hooks\useDashboardData.ts
FN:11,useDashboardData
FN:19,(anonymous_11)
FN:24,(anonymous_12)
FN:27,(anonymous_13)
FN:31,(anonymous_14)
FN:41,(anonymous_15)
FN:46,(anonymous_16)
FN:47,(anonymous_17)
FN:71,(anonymous_18)
FN:76,(anonymous_19)
FN:122,(anonymous_20)
FN:145,(anonymous_21)
FN:151,(anonymous_22)
FN:159,(anonymous_23)
FN:171,(anonymous_24)
FN:177,(anonymous_25)
FNF:16
FNH:0
FNDA:0,useDashboardData
FNDA:0,(anonymous_11)
FNDA:0,(anonymous_12)
FNDA:0,(anonymous_13)
FNDA:0,(anonymous_14)
FNDA:0,(anonymous_15)
FNDA:0,(anonymous_16)
FNDA:0,(anonymous_17)
FNDA:0,(anonymous_18)
FNDA:0,(anonymous_19)
FNDA:0,(anonymous_20)
FNDA:0,(anonymous_21)
FNDA:0,(anonymous_22)
FNDA:0,(anonymous_23)
FNDA:0,(anonymous_24)
FNDA:0,(anonymous_25)
DA:1,0
DA:2,0
DA:3,0
DA:4,0
DA:5,0
DA:6,0
DA:7,0
DA:8,0
DA:9,0
DA:11,0
DA:12,0
DA:13,0
DA:14,0
DA:15,0
DA:17,0
DA:19,0
DA:22,0
DA:24,0
DA:27,0
DA:28,0
DA:31,0
DA:32,0
DA:33,0
DA:34,0
DA:35,0
DA:36,0
DA:37,0
DA:40,0
DA:41,0
DA:42,0
DA:43,0
DA:45,0
DA:46,0
DA:47,0
DA:48,0
DA:49,0
DA:50,0
DA:53,0
DA:54,0
DA:55,0
DA:57,0
DA:65,0
DA:67,0
DA:71,0
DA:72,0
DA:74,0
DA:76,0
DA:77,0
DA:78,0
DA:79,0
DA:84,0
DA:85,0
DA:87,0
DA:91,0
DA:96,0
DA:100,0
DA:101,0
DA:106,0
DA:108,0
DA:112,0
DA:113,0
DA:115,0
DA:122,0
DA:123,0
DA:124,0
DA:125,0
DA:126,0
DA:127,0
DA:128,0
DA:133,0
DA:135,0
DA:136,0
DA:141,0
DA:145,0
DA:146,0
DA:147,0
DA:148,0
DA:151,0
DA:152,0
DA:153,0
DA:154,0
DA:156,0
DA:159,0
DA:160,0
DA:161,0
DA:162,0
DA:163,0
DA:171,0
DA:172,0
DA:174,0
DA:177,0
DA:186,0
LF:92
LH:0
BRDA:28,0,0,0
BRDA:28,0,1,0
BRDA:40,1,0,0
BRDA:40,2,0,0
BRDA:40,2,1,0
BRDA:42,3,0,0
BRDA:42,4,0,0
BRDA:42,4,1,0
BRDA:53,5,0,0
BRDA:53,5,1,0
BRDA:54,6,0,0
BRDA:54,6,1,0
BRDA:55,7,0,0
BRDA:72,8,0,0
BRDA:72,9,0,0
BRDA:72,9,1,0
BRDA:87,10,0,0
BRDA:87,10,1,0
BRDA:92,11,0,0
BRDA:92,11,1,0
BRDA:93,12,0,0
BRDA:93,12,1,0
BRDA:97,13,0,0
BRDA:97,13,1,0
BRDA:112,14,0,0
BRDA:112,14,1,0
BRDA:113,15,0,0
BRDA:152,16,0,0
BRDA:160,17,0,0
BRDA:167,18,0,0
BRDA:167,18,1,0
BRDA:167,19,0,0
BRDA:167,19,1,0
BRDA:172,20,0,0
BRF:34
BRH:0
end_of_record
TN:
SF:src\modules\golf\hooks\useGolfRecord.ts
FN:91,golfRecordReducer
FN:105,(anonymous_11)
FN:138,useGolfRecord
FN:143,(anonymous_13)
FN:155,(anonymous_14)
FN:166,(anonymous_15)
FN:167,(anonymous_16)
FN:168,(anonymous_17)
FN:204,(anonymous_18)
FN:280,(anonymous_19)
FN:288,(anonymous_20)
FN:297,(anonymous_21)
FN:303,(anonymous_22)
FN:309,(anonymous_23)
FN:315,(anonymous_24)
FN:321,(anonymous_25)
FN:327,(anonymous_26)
FN:333,(anonymous_27)
FN:339,(anonymous_28)
FN:344,(anonymous_29)
FN:350,(anonymous_30)
FN:353,(anonymous_31)
FN:358,(anonymous_32)
FN:359,(anonymous_33)
FN:361,(anonymous_34)
FN:364,(anonymous_35)
FN:369,(anonymous_36)
FN:372,(anonymous_37)
FN:385,(anonymous_38)
FN:385,(anonymous_39)
FN:404,(anonymous_40)
FN:418,(anonymous_41)
FN:428,(anonymous_42)
FN:429,(anonymous_43)
FN:438,(anonymous_44)
FN:443,(anonymous_45)
FNF:36
FNH:0
FNDA:0,golfRecordReducer
FNDA:0,(anonymous_11)
FNDA:0,useGolfRecord
FNDA:0,(anonymous_13)
FNDA:0,(anonymous_14)
FNDA:0,(anonymous_15)
FNDA:0,(anonymous_16)
FNDA:0,(anonymous_17)
FNDA:0,(anonymous_18)
FNDA:0,(anonymous_19)
FNDA:0,(anonymous_20)
FNDA:0,(anonymous_21)
FNDA:0,(anonymous_22)
FNDA:0,(anonymous_23)
FNDA:0,(anonymous_24)
FNDA:0,(anonymous_25)
FNDA:0,(anonymous_26)
FNDA:0,(anonymous_27)
FNDA:0,(anonymous_28)
FNDA:0,(anonymous_29)
FNDA:0,(anonymous_30)
FNDA:0,(anonymous_31)
FNDA:0,(anonymous_32)
FNDA:0,(anonymous_33)
FNDA:0,(anonymous_34)
FNDA:0,(anonymous_35)
FNDA:0,(anonymous_36)
FNDA:0,(anonymous_37)
FNDA:0,(anonymous_38)
FNDA:0,(anonymous_39)
FNDA:0,(anonymous_40)
FNDA:0,(anonymous_41)
FNDA:0,(anonymous_42)
FNDA:0,(anonymous_43)
FNDA:0,(anonymous_44)
FNDA:0,(anonymous_45)
DA:1,0
DA:2,0
DA:3,0
DA:4,0
DA:5,0
DA:6,0
DA:7,0
DA:9,0
DA:10,0
DA:66,0
DA:92,0
DA:94,0
DA:96,0
DA:98,0
DA:100,0
DA:102,0
DA:105,0
DA:115,0
DA:117,0
DA:119,0
DA:126,0
DA:128,0
DA:130,0
DA:132,0
DA:134,0
DA:138,0
DA:139,0
DA:140,0
DA:143,0
DA:144,0
DA:145,0
DA:146,0
DA:147,0
DA:148,0
DA:149,0
DA:150,0
DA:152,0
DA:153,0
DA:154,0
DA:155,0
DA:157,0
DA:158,0
DA:159,0
DA:160,0
DA:165,0
DA:166,0
DA:167,0
DA:168,0
DA:170,0
DA:180,0
DA:191,0
DA:194,0
DA:197,0
DA:199,0
DA:204,0
DA:205,0
DA:206,0
DA:208,0
DA:209,0
DA:210,0
DA:211,0
DA:216,0
DA:218,0
DA:219,0
DA:221,0
DA:230,0
DA:243,0
DA:248,0
DA:258,0
DA:259,0
DA:260,0
DA:265,0
DA:267,0
DA:268,0
DA:273,0
DA:275,0
DA:280,0
DA:281,0
DA:282,0
DA:283,0
DA:288,0
DA:289,0
DA:290,0
DA:291,0
DA:292,0
DA:297,0
DA:298,0
DA:299,0
DA:300,0
DA:303,0
DA:304,0
DA:305,0
DA:306,0
DA:309,0
DA:310,0
DA:311,0
DA:312,0
DA:315,0
DA:316,0
DA:317,0
DA:318,0
DA:321,0
DA:322,0
DA:323,0
DA:324,0
DA:327,0
DA:328,0
DA:329,0
DA:330,0
DA:333,0
DA:334,0
DA:335,0
DA:336,0
DA:339,0
DA:340,0
DA:341,0
DA:344,0
DA:345,0
DA:346,0
DA:347,0
DA:350,0
DA:351,0
DA:353,0
DA:354,0
DA:355,0
DA:358,0
DA:359,0
DA:361,0
DA:362,0
DA:364,0
DA:365,0
DA:366,0
DA:369,0
DA:370,0
DA:372,0
DA:373,0
DA:374,0
DA:376,0
DA:385,0
DA:386,0
DA:388,0
DA:400,0
DA:402,0
DA:403,0
DA:405,0
DA:406,0
DA:407,0
DA:409,0
DA:410,0
DA:415,0
DA:419,0
DA:420,0
DA:421,0
DA:424,0
DA:425,0
DA:428,0
DA:429,0
DA:430,0
DA:431,0
DA:432,0
DA:433,0
DA:434,0
DA:438,0
DA:439,0
DA:443,0
DA:470,0
LF:166
LH:0
BRDA:92,0,0,0
BRDA:92,0,1,0
BRDA:92,0,2,0
BRDA:92,0,3,0
BRDA:92,0,4,0
BRDA:92,0,5,0
BRDA:92,0,6,0
BRDA:92,0,7,0
BRDA:92,0,8,0
BRDA:92,0,9,0
BRDA:92,0,10,0
BRDA:92,0,11,0
BRDA:92,0,12,0
BRDA:104,1,0,0
BRDA:104,1,1,0
BRDA:112,2,0,0
BRDA:112,2,1,0
BRDA:153,3,0,0
BRDA:153,3,1,0
BRDA:153,4,0,0
BRDA:153,4,1,0
BRDA:157,5,0,0
BRDA:157,5,1,0
BRDA:159,6,0,0
BRDA:159,7,0,0
BRDA:159,7,1,0
BRDA:165,8,0,0
BRDA:165,9,0,0
BRDA:165,9,1,0
BRDA:166,10,0,0
BRDA:166,10,1,0
BRDA:167,11,0,0
BRDA:167,11,1,0
BRDA:176,12,0,0
BRDA:176,12,1,0
BRDA:185,13,0,0
BRDA:185,13,1,0
BRDA:186,14,0,0
BRDA:186,14,1,0
BRDA:206,15,0,0
BRDA:206,16,0,0
BRDA:206,16,1,0
BRDA:206,16,2,0
BRDA:216,17,0,0
BRDA:216,18,0,0
BRDA:216,18,1,0
BRDA:218,19,0,0
BRDA:218,19,1,0
BRDA:227,20,0,0
BRDA:227,20,1,0
BRDA:232,21,0,0
BRDA:232,21,1,0
BRDA:237,22,0,0
BRDA:237,22,1,0
BRDA:281,23,0,0
BRDA:289,24,0,0
BRDA:291,25,0,0
BRDA:310,26,0,0
BRDA:310,26,1,0
BRDA:316,27,0,0
BRDA:316,27,1,0
BRDA:322,28,0,0
BRDA:322,28,1,0
BRDA:328,29,0,0
BRDA:328,29,1,0
BRDA:334,30,0,0
BRDA:334,30,1,0
BRDA:340,31,0,0
BRDA:340,31,1,0
BRDA:345,32,0,0
BRDA:345,32,1,0
BRDA:354,33,0,0
BRDA:354,33,1,0
BRDA:365,34,0,0
BRDA:365,34,1,0
BRDA:373,35,0,0
BRDA:379,36,0,0
BRDA:379,36,1,0
BRDA:382,37,0,0
BRDA:382,37,1,0
BRDA:382,38,0,0
BRDA:382,38,1,0
BRDA:405,39,0,0
BRDA:405,39,1,0
BRDA:409,40,0,0
BRDA:430,41,0,0
BRF:86
BRH:0
end_of_record
TN:
SF:src\shared\components\EditScreenInfo.tsx
FN:9,EditScreenInfo
FNF:1
FNH:0
FNDA:0,EditScreenInfo
DA:1,0
DA:3,0
DA:4,0
DA:5,0
DA:7,0
DA:9,0
DA:10,0
DA:48,0
LF:8
LH:0
BRF:0
BRH:0
end_of_record
TN:
SF:src\shared\components\ErrorBoundary.tsx
FN:26,(anonymous_0)
FN:30,(anonymous_1)
FN:37,(anonymous_2)
FN:42,(anonymous_3)
FNF:4
FNH:0
FNDA:0,(anonymous_0)
FNDA:0,(anonymous_1)
FNDA:0,(anonymous_2)
FNDA:0,(anonymous_3)
DA:1,0
DA:2,0
DA:3,0
DA:4,0
DA:5,0
DA:20,0
DA:21,0
DA:27,0
DA:31,0
DA:37,0
DA:38,0
DA:39,0
DA:43,0
DA:44,0
DA:70,0
DA:74,0
LF:16
LH:0
BRDA:43,0,0,0
BRF:1
BRH:0
end_of_record
TN:
SF:src\shared\components\ExternalLink.tsx
FN:6,ExternalLink
FN:15,(anonymous_10)
FNF:2
FNH:0
FNDA:0,ExternalLink
FNDA:0,(anonymous_10)
DA:1,0
DA:2,0
DA:4,0
DA:6,0
DA:9,0
DA:16,0
DA:18,0
DA:20,0
LF:8
LH:0
BRDA:16,0,0,0
BRF:1
BRH:0
end_of_record
TN:
SF:src\shared\components\ScoreCardTable.tsx
FN:16,ScoreCardTable
FN:27,(anonymous_1)
FN:29,(anonymous_2)
FN:38,(anonymous_3)
FN:41,(anonymous_4)
FN:60,(anonymous_5)
FN:64,(anonymous_6)
FN:82,(anonymous_7)
FN:97,(anonymous_8)
FN:137,(anonymous_9)
FNF:10
FNH:0
FNDA:0,ScoreCardTable
FNDA:0,(anonymous_1)
FNDA:0,(anonymous_2)
FNDA:0,(anonymous_3)
FNDA:0,(anonymous_4)
FNDA:0,(anonymous_5)
FNDA:0,(anonymous_6)
FNDA:0,(anonymous_7)
FNDA:0,(anonymous_8)
FNDA:0,(anonymous_9)
DA:1,0
DA:16,0
DA:27,0
DA:29,0
DA:31,0
DA:32,0
DA:38,0
DA:41,0
DA:42,0
DA:43,0
DA:44,0
DA:45,0
DA:46,0
DA:47,0
DA:48,0
DA:50,0
DA:53,0
DA:61,0
DA:64,0
DA:83,0
DA:98,0
DA:99,0
DA:101,0
DA:104,0
DA:105,0
DA:138,0
DA:150,0
LF:27
LH:0
BRDA:31,0,0,0
BRDA:31,1,0,0
BRDA:31,1,1,0
BRDA:33,2,0,0
BRDA:33,2,1,0
BRDA:34,3,0,0
BRDA:34,3,1,0
BRDA:35,4,0,0
BRDA:35,4,1,0
BRDA:43,5,0,0
BRDA:43,5,1,0
BRDA:46,6,0,0
BRDA:46,6,1,0
BRDA:47,7,0,0
BRDA:63,8,0,0
BRDA:63,8,1,0
BRDA:67,9,0,0
BRDA:67,9,1,0
BRDA:68,10,0,0
BRDA:68,10,1,0
BRDA:84,11,0,0
BRDA:84,11,1,0
BRDA:84,12,0,0
BRDA:84,12,1,0
BRDA:88,13,0,0
BRDA:88,13,1,0
BRDA:99,14,0,0
BRDA:99,15,0,0
BRDA:99,15,1,0
BRDA:99,15,2,0
BRDA:101,16,0,0
BRDA:108,17,0,0
BRDA:108,17,1,0
BRDA:109,18,0,0
BRDA:109,18,1,0
BRDA:110,19,0,0
BRDA:110,19,1,0
BRDA:111,20,0,0
BRDA:111,20,1,0
BRDA:113,21,0,0
BRDA:113,21,1,0
BRDA:114,22,0,0
BRDA:114,22,1,0
BRDA:117,23,0,0
BRDA:117,23,1,0
BRDA:118,24,0,0
BRDA:118,24,1,0
BRDA:128,25,0,0
BRDA:128,25,1,0
BRDA:139,26,0,0
BRDA:139,26,1,0
BRF:51
BRH:0
end_of_record
TN:
SF:src\shared\components\StyledText.tsx
FN:3,MonoText
FNF:1
FNH:0
FNDA:0,MonoText
DA:1,0
DA:3,0
DA:4,0
LF:3
LH:0
BRF:0
BRH:0
end_of_record
TN:
SF:src\shared\components\Themed.tsx
FN:19,useThemeColor
FN:33,Text
FN:40,View
FNF:3
FNH:0
FNDA:0,useThemeColor
FNDA:0,Text
FNDA:0,View
DA:5,0
DA:7,0
DA:9,0
DA:19,0
DA:23,0
DA:24,0
DA:26,0
DA:27,0
DA:29,0
DA:33,0
DA:34,0
DA:35,0
DA:37,0
DA:40,0
DA:41,0
DA:42,0
DA:44,0
LF:17
LH:0
BRDA:26,0,0,0
BRDA:26,0,1,0
BRF:2
BRH:0
end_of_record
TN:
SF:src\shared\components\ToastConfig.tsx
FN:11,FadeToast
FN:21,(anonymous_1)
FN:45,ToastContent
FN:75,(anonymous_3)
FN:86,(anonymous_4)
FN:97,(anonymous_5)
FNF:6
FNH:0
FNDA:0,FadeToast
FNDA:0,(anonymous_1)
FNDA:0,ToastContent
FNDA:0,(anonymous_3)
FNDA:0,(anonymous_4)
FNDA:0,(anonymous_5)
DA:1,0
DA:2,0
DA:4,0
DA:6,0
DA:18,0
DA:19,0
DA:21,0
DA:22,0
DA:23,0
DA:28,0
DA:35,0
DA:58,0
DA:74,0
DA:76,0
DA:87,0
DA:98,0
DA:113,0
LF:17
LH:0
BRDA:22,0,0,0
BRDA:22,0,1,0
BRDA:64,1,0,0
BRDA:64,1,1,0
BRDA:65,2,0,0
BRDA:65,2,1,0
BRF:6
BRH:0
end_of_record
TN:
SF:src\shared\components\useClientOnlyValue.ts
FN:2,useClientOnlyValue
FNF:1
FNH:0
FNDA:0,useClientOnlyValue
DA:2,0
DA:3,0
LF:2
LH:0
BRF:0
BRH:0
end_of_record
TN:
SF:src\shared\components\useClientOnlyValue.web.ts
FN:5,useClientOnlyValue
FN:7,(anonymous_2)
FNF:2
FNH:0
FNDA:0,useClientOnlyValue
FNDA:0,(anonymous_2)
DA:1,0
DA:5,0
DA:6,0
DA:7,0
DA:8,0
DA:11,0
LF:6
LH:0
BRF:0
BRH:0
end_of_record
TN:
SF:src\shared\components\useColorScheme.ts
FN:3,(anonymous_0)
FNF:1
FNH:0
FNDA:0,(anonymous_0)
DA:1,0
DA:3,0
DA:4,0
DA:5,0
LF:4
LH:0
BRDA:5,0,0,0
BRDA:5,0,1,0
BRF:2
BRH:0
end_of_record
TN:
SF:src\shared\components\useColorScheme.web.ts
FN:6,useColorScheme
FNF:1
FNH:0
FNDA:0,useColorScheme
DA:6,0
DA:7,0
LF:2
LH:0
BRF:0
BRH:0
end_of_record
TN:
SF:src\shared\components\useIsAdmin.ts
FN:18,useIsAdmin
FN:22,(anonymous_1)
FN:25,(anonymous_2)
FN:42,(anonymous_3)
FN:50,(anonymous_4)
FNF:5
FNH:0
FNDA:0,useIsAdmin
FNDA:0,(anonymous_1)
FNDA:0,(anonymous_2)
FNDA:0,(anonymous_3)
FNDA:0,(anonymous_4)
DA:8,0
DA:9,0
DA:12,0
DA:18,0
DA:19,0
DA:20,0
DA:22,0
DA:23,0
DA:25,0
DA:26,0
DA:27,0
DA:28,0
DA:29,0
DA:30,0
DA:33,0
DA:35,0
DA:39,0
DA:42,0
DA:43,0
DA:44,0
DA:45,0
DA:46,0
DA:50,0
DA:51,0
DA:52,0
DA:56,0
LF:26
LH:0
BRDA:28,0,0,0
BRDA:28,0,1,0
BRDA:29,1,0,0
BRDA:33,2,0,0
BRDA:35,3,0,0
BRDA:43,4,0,0
BRDA:43,4,1,0
BRDA:44,5,0,0
BRF:8
BRH:0
end_of_record
TN:
SF:src\shared\constants\Colors.ts
FNF:0
FNH:0
DA:1,0
DA:2,0
DA:4,0
LF:3
LH:0
BRF:0
BRH:0
end_of_record
TN:
SF:src\shared\lib\async-lock.ts
FN:15,(anonymous_0)
FN:20,(anonymous_1)
FNF:2
FNH:0
FNDA:0,(anonymous_0)
FNDA:0,(anonymous_1)
DA:7,0
DA:8,0
DA:17,0
DA:20,0
DA:21,0
DA:25,0
DA:27,0
DA:29,0
DA:31,0
DA:34,0
LF:10
LH:0
BRF:0
BRH:0
end_of_record
TN:
SF:src\shared\lib\supabase.ts
FN:17,(anonymous_1)
FN:18,(anonymous_2)
FN:19,(anonymous_3)
FNF:3
FNH:0
FNDA:0,(anonymous_1)
FNDA:0,(anonymous_2)
FNDA:0,(anonymous_3)
DA:1,0
DA:2,0
DA:4,0
DA:5,0
DA:7,0
DA:8,0
DA:14,0
DA:16,0
DA:17,0
DA:18,0
DA:19,0
DA:22,0
LF:12
LH:0
BRDA:7,0,0,0
BRDA:7,1,0,0
BRDA:7,1,1,0
BRDA:23,2,0,0
BRDA:23,2,1,0
BRDA:24,3,0,0
BRDA:24,3,1,0
BRDA:27,4,0,0
BRDA:27,4,1,0
BRF:9
BRH:0
end_of_record
TN:
SF:src\shared\utils\logger.ts
FN:4,(anonymous_0)
FN:9,(anonymous_1)
FN:12,(anonymous_2)
FN:15,(anonymous_3)
FN:18,(anonymous_4)
FNF:5
FNH:0
FNDA:0,(anonymous_0)
FNDA:0,(anonymous_1)
FNDA:0,(anonymous_2)
FNDA:0,(anonymous_3)
FNDA:0,(anonymous_4)
DA:1,0
DA:3,0
DA:5,0
DA:6,0
DA:10,0
DA:13,0
DA:16,0
DA:19,0
LF:8
LH:0
BRDA:5,0,0,0
BRF:1
BRH:0
end_of_record
